This is pdfTeX, Version 3.141592653-2.6-1.40.24 (TeX Live 2022) (preloaded format=pdflatex 2022.9.19)  30 SEP 2025 00:03
entering extended mode
 restricted \write18 enabled.
 file:line:error style messages enabled.
 %&-line parsing enabled.
**c:/Users/fabre/Documents/www/robustness_global_redistr/presentations/robust_global_redistr.tex
(c:/Users/fabre/Documents/www/robustness_global_redistr/presentations/robust_global_redistr.tex
LaTeX2e <2022-06-01> patch level 5
L3 programming layer <2022-08-30> (c:/texlive/2022/texmf-dist/tex/latex/beamer/beamer.cls
Document Class: beamer 2022/09/13 v3.68 A class for typesetting presentations
(c:/texlive/2022/texmf-dist/tex/latex/beamer/beamerbasemodes.sty (c:/texlive/2022/texmf-dist/tex/latex/etoolbox/etoolbox.sty
Package: etoolbox 2020/10/05 v2.5k e-TeX tools for LaTeX (JAW)
\etb@tempcnta=\count185
)
\beamer@tempbox=\box51
\beamer@tempcount=\count186
\c@beamerpauses=\count187
 (c:/texlive/2022/texmf-dist/tex/latex/beamer/beamerbasedecode.sty
\beamer@slideinframe=\count188
\beamer@minimum=\count189
\beamer@decode@box=\box52
)
\beamer@commentbox=\box53
\beamer@modecount=\count190
) (c:/texlive/2022/texmf-dist/tex/generic/iftex/iftex.sty
Package: iftex 2022/02/03 v1.0f TeX engine tests
)
\headdp=\dimen138
\footheight=\dimen139
\sidebarheight=\dimen140
\beamer@tempdim=\dimen141
\beamer@finalheight=\dimen142
\beamer@animht=\dimen143
\beamer@animdp=\dimen144
\beamer@animwd=\dimen145
\beamer@leftmargin=\dimen146
\beamer@rightmargin=\dimen147
\beamer@leftsidebar=\dimen148
\beamer@rightsidebar=\dimen149
\beamer@boxsize=\dimen150
\beamer@vboxoffset=\dimen151
\beamer@descdefault=\dimen152
\beamer@descriptionwidth=\dimen153
\beamer@lastskip=\skip47
\beamer@areabox=\box54
\beamer@animcurrent=\box55
\beamer@animshowbox=\box56
\beamer@sectionbox=\box57
\beamer@logobox=\box58
\beamer@linebox=\box59
\beamer@sectioncount=\count191
\beamer@subsubsectionmax=\count192
\beamer@subsectionmax=\count193
\beamer@sectionmax=\count194
\beamer@totalheads=\count195
\beamer@headcounter=\count196
\beamer@partstartpage=\count197
\beamer@sectionstartpage=\count198
\beamer@subsectionstartpage=\count199
\beamer@animationtempa=\count266
\beamer@animationtempb=\count267
\beamer@xpos=\count268
\beamer@ypos=\count269
\beamer@ypos@offset=\count270
\beamer@showpartnumber=\count271
\beamer@currentsubsection=\count272
\beamer@coveringdepth=\count273
\beamer@sectionadjust=\count274
\beamer@toclastsection=\count275
\beamer@tocsectionnumber=\count276
 (c:/texlive/2022/texmf-dist/tex/latex/beamer/beamerbaseoptions.sty (c:/texlive/2022/texmf-dist/tex/latex/graphics/keyval.sty
Package: keyval 2022/05/29 v1.15 key=value parser (DPC)
\KV@toks@=\toks16
))
\beamer@paperwidth=\skip48
\beamer@paperheight=\skip49
 (c:/texlive/2022/texmf-dist/tex/latex/geometry/geometry.sty
Package: geometry 2020/01/02 v5.9 Page Geometry
 (c:/texlive/2022/texmf-dist/tex/generic/iftex/ifvtex.sty
Package: ifvtex 2019/10/25 v1.7 ifvtex legacy package. Use iftex instead.
)
\Gm@cnth=\count277
\Gm@cntv=\count278
\c@Gm@tempcnt=\count279
\Gm@bindingoffset=\dimen154
\Gm@wd@mp=\dimen155
\Gm@odd@mp=\dimen156
\Gm@even@mp=\dimen157
\Gm@layoutwidth=\dimen158
\Gm@layoutheight=\dimen159
\Gm@layouthoffset=\dimen160
\Gm@layoutvoffset=\dimen161
\Gm@dimlist=\toks17
) (c:/texlive/2022/texmf-dist/tex/latex/pgf/math/pgfmath.sty (c:/texlive/2022/texmf-dist/tex/latex/pgf/utilities/pgfrcs.sty (c:/texlive/2022/texmf-dist/tex/generic/pgf/utilities/pgfutil-common.tex
\pgfutil@everybye=\toks18
\pgfutil@tempdima=\dimen162
\pgfutil@tempdimb=\dimen163
 (c:/texlive/2022/texmf-dist/tex/generic/pgf/utilities/pgfutil-common-lists.tex)) (c:/texlive/2022/texmf-dist/tex/generic/pgf/utilities/pgfutil-latex.def
\pgfutil@abb=\box60
) (c:/texlive/2022/texmf-dist/tex/generic/pgf/utilities/pgfrcs.code.tex (c:/texlive/2022/texmf-dist/tex/generic/pgf/pgf.revision.tex)
Package: pgfrcs 2021/05/15 v3.1.9a (3.1.9a)
)) (c:/texlive/2022/texmf-dist/tex/latex/pgf/utilities/pgfkeys.sty (c:/texlive/2022/texmf-dist/tex/generic/pgf/utilities/pgfkeys.code.tex
\pgfkeys@pathtoks=\toks19
\pgfkeys@temptoks=\toks20
 (c:/texlive/2022/texmf-dist/tex/generic/pgf/utilities/pgfkeysfiltered.code.tex
\pgfkeys@tmptoks=\toks21
))) (c:/texlive/2022/texmf-dist/tex/generic/pgf/math/pgfmath.code.tex (c:/texlive/2022/texmf-dist/tex/generic/pgf/math/pgfmathcalc.code.tex (c:/texlive/2022/texmf-dist/tex/generic/pgf/math/pgfmathutil.code.tex
\pgf@x=\dimen164
\pgf@xa=\dimen165
\pgf@xb=\dimen166
\pgf@xc=\dimen167
\pgf@y=\dimen168
\pgf@ya=\dimen169
\pgf@yb=\dimen170
\pgf@yc=\dimen171
\c@pgf@counta=\count280
\c@pgf@countb=\count281
\c@pgf@countc=\count282
\c@pgf@countd=\count283
) (c:/texlive/2022/texmf-dist/tex/generic/pgf/math/pgfmathparser.code.tex
\pgfmath@dimen=\dimen172
\pgfmath@count=\count284
\pgfmath@box=\box61
\pgfmath@toks=\toks22
\pgfmath@stack@operand=\toks23
\pgfmath@stack@operation=\toks24
) (c:/texlive/2022/texmf-dist/tex/generic/pgf/math/pgfmathfunctions.code.tex (c:/texlive/2022/texmf-dist/tex/generic/pgf/math/pgfmathfunctions.basic.code.tex) (c:/texlive/2022/texmf-dist/tex/generic/pgf/math/pgfmathfunctions.trigonometric.code.tex) (c:/texlive/2022/texmf-dist/tex/generic/pgf/math/pgfmathfunctions.random.code.tex) (c:/texlive/2022/texmf-dist/tex/generic/pgf/math/pgfmathfunctions.comparison.code.tex) (c:/texlive/2022/texmf-dist/tex/generic/pgf/math/pgfmathfunctions.base.code.tex) (c:/texlive/2022/texmf-dist/tex/generic/pgf/math/pgfmathfunctions.round.code.tex) (c:/texlive/2022/texmf-dist/tex/generic/pgf/math/pgfmathfunctions.misc.code.tex) (c:/texlive/2022/texmf-dist/tex/generic/pgf/math/pgfmathfunctions.integerarithmetics.code.tex))) (c:/texlive/2022/texmf-dist/tex/generic/pgf/math/pgfmathfloat.code.tex
\c@pgfmathroundto@lastzeros=\count285
)))

Class beamer Warning: ``mathserif'' is obsolete. Use font theme ``serif'' with option ``onlymath'' on input line 357.

(c:/texlive/2022/texmf-dist/tex/latex/base/size11.clo
File: size11.clo 2021/10/04 v1.4n Standard LaTeX file (size option)
) (c:/texlive/2022/texmf-dist/tex/latex/pgf/basiclayer/pgfcore.sty (c:/texlive/2022/texmf-dist/tex/latex/graphics/graphicx.sty
Package: graphicx 2021/09/16 v1.2d Enhanced LaTeX Graphics (DPC,SPQR)
 (c:/texlive/2022/texmf-dist/tex/latex/graphics/graphics.sty
Package: graphics 2022/03/10 v1.4e Standard LaTeX Graphics (DPC,SPQR)
 (c:/texlive/2022/texmf-dist/tex/latex/graphics/trig.sty
Package: trig 2021/08/11 v1.11 sin cos tan (DPC)
) (c:/texlive/2022/texmf-dist/tex/latex/graphics-cfg/graphics.cfg
File: graphics.cfg 2016/06/04 v1.11 sample graphics configuration
)
Package graphics Info: Driver file: pdftex.def on input line 107.
 (c:/texlive/2022/texmf-dist/tex/latex/graphics-def/pdftex.def
File: pdftex.def 2020/10/05 v1.2a Graphics/color driver for pdftex
))
\Gin@req@height=\dimen173
\Gin@req@width=\dimen174
) (c:/texlive/2022/texmf-dist/tex/latex/pgf/systemlayer/pgfsys.sty (c:/texlive/2022/texmf-dist/tex/generic/pgf/systemlayer/pgfsys.code.tex
Package: pgfsys 2021/05/15 v3.1.9a (3.1.9a)
 (c:/texlive/2022/texmf-dist/tex/generic/pgf/utilities/pgfkeys.code.tex)
\pgf@x=\dimen175
\pgf@y=\dimen176
\pgf@xa=\dimen177
\pgf@ya=\dimen178
\pgf@xb=\dimen179
\pgf@yb=\dimen180
\pgf@xc=\dimen181
\pgf@yc=\dimen182
\pgf@xd=\dimen183
\pgf@yd=\dimen184
\w@pgf@writea=\write3
\r@pgf@reada=\read2
\c@pgf@counta=\count286
\c@pgf@countb=\count287
\c@pgf@countc=\count288
\c@pgf@countd=\count289
\t@pgf@toka=\toks25
\t@pgf@tokb=\toks26
\t@pgf@tokc=\toks27
\pgf@sys@id@count=\count290
 (c:/texlive/2022/texmf-dist/tex/generic/pgf/systemlayer/pgf.cfg
File: pgf.cfg 2021/05/15 v3.1.9a (3.1.9a)
)
Driver file for pgf: pgfsys-pdftex.def
 (c:/texlive/2022/texmf-dist/tex/generic/pgf/systemlayer/pgfsys-pdftex.def
File: pgfsys-pdftex.def 2021/05/15 v3.1.9a (3.1.9a)
 (c:/texlive/2022/texmf-dist/tex/generic/pgf/systemlayer/pgfsys-common-pdf.def
File: pgfsys-common-pdf.def 2021/05/15 v3.1.9a (3.1.9a)
))) (c:/texlive/2022/texmf-dist/tex/generic/pgf/systemlayer/pgfsyssoftpath.code.tex
File: pgfsyssoftpath.code.tex 2021/05/15 v3.1.9a (3.1.9a)
\pgfsyssoftpath@smallbuffer@items=\count291
\pgfsyssoftpath@bigbuffer@items=\count292
) (c:/texlive/2022/texmf-dist/tex/generic/pgf/systemlayer/pgfsysprotocol.code.tex
File: pgfsysprotocol.code.tex 2021/05/15 v3.1.9a (3.1.9a)
)) (c:/texlive/2022/texmf-dist/tex/latex/xcolor/xcolor.sty
Package: xcolor 2022/06/12 v2.14 LaTeX color extensions (UK)
 (c:/texlive/2022/texmf-dist/tex/latex/graphics-cfg/color.cfg
File: color.cfg 2016/01/02 v1.6 sample color configuration
)
Package xcolor Info: Driver file: pdftex.def on input line 227.
 (c:/texlive/2022/texmf-dist/tex/latex/graphics/mathcolor.ltx)
Package xcolor Info: Model `cmy' substituted by `cmy0' on input line 1353.
Package xcolor Info: Model `hsb' substituted by `rgb' on input line 1357.
Package xcolor Info: Model `RGB' extended on input line 1369.
Package xcolor Info: Model `HTML' substituted by `rgb' on input line 1371.
Package xcolor Info: Model `Hsb' substituted by `hsb' on input line 1372.
Package xcolor Info: Model `tHsb' substituted by `hsb' on input line 1373.
Package xcolor Info: Model `HSB' substituted by `hsb' on input line 1374.
Package xcolor Info: Model `Gray' substituted by `gray' on input line 1375.
Package xcolor Info: Model `wave' substituted by `hsb' on input line 1376.
 (c:/texlive/2022/texmf-dist/tex/latex/graphics/dvipsnam.def
File: dvipsnam.def 2016/06/17 v3.0m Driver-dependent file (DPC,SPQR)
)) (c:/texlive/2022/texmf-dist/tex/generic/pgf/basiclayer/pgfcore.code.tex
Package: pgfcore 2021/05/15 v3.1.9a (3.1.9a)
 (c:/texlive/2022/texmf-dist/tex/generic/pgf/math/pgfmath.code.tex) (c:/texlive/2022/texmf-dist/tex/generic/pgf/math/pgfint.code.tex) (c:/texlive/2022/texmf-dist/tex/generic/pgf/basiclayer/pgfcorepoints.code.tex
File: pgfcorepoints.code.tex 2021/05/15 v3.1.9a (3.1.9a)
\pgf@picminx=\dimen185
\pgf@picmaxx=\dimen186
\pgf@picminy=\dimen187
\pgf@picmaxy=\dimen188
\pgf@pathminx=\dimen189
\pgf@pathmaxx=\dimen190
\pgf@pathminy=\dimen191
\pgf@pathmaxy=\dimen192
\pgf@xx=\dimen193
\pgf@xy=\dimen194
\pgf@yx=\dimen195
\pgf@yy=\dimen196
\pgf@zx=\dimen197
\pgf@zy=\dimen198
) (c:/texlive/2022/texmf-dist/tex/generic/pgf/basiclayer/pgfcorepathconstruct.code.tex
File: pgfcorepathconstruct.code.tex 2021/05/15 v3.1.9a (3.1.9a)
\pgf@path@lastx=\dimen199
\pgf@path@lasty=\dimen256
) (c:/texlive/2022/texmf-dist/tex/generic/pgf/basiclayer/pgfcorepathusage.code.tex
File: pgfcorepathusage.code.tex 2021/05/15 v3.1.9a (3.1.9a)
\pgf@shorten@end@additional=\dimen257
\pgf@shorten@start@additional=\dimen258
) (c:/texlive/2022/texmf-dist/tex/generic/pgf/basiclayer/pgfcorescopes.code.tex
File: pgfcorescopes.code.tex 2021/05/15 v3.1.9a (3.1.9a)
\pgfpic=\box62
\pgf@hbox=\box63
\pgf@layerbox@main=\box64
\pgf@picture@serial@count=\count293
) (c:/texlive/2022/texmf-dist/tex/generic/pgf/basiclayer/pgfcoregraphicstate.code.tex
File: pgfcoregraphicstate.code.tex 2021/05/15 v3.1.9a (3.1.9a)
\pgflinewidth=\dimen259
) (c:/texlive/2022/texmf-dist/tex/generic/pgf/basiclayer/pgfcoretransformations.code.tex
File: pgfcoretransformations.code.tex 2021/05/15 v3.1.9a (3.1.9a)
\pgf@pt@x=\dimen260
\pgf@pt@y=\dimen261
\pgf@pt@temp=\dimen262
) (c:/texlive/2022/texmf-dist/tex/generic/pgf/basiclayer/pgfcorequick.code.tex
File: pgfcorequick.code.tex 2021/05/15 v3.1.9a (3.1.9a)
) (c:/texlive/2022/texmf-dist/tex/generic/pgf/basiclayer/pgfcoreobjects.code.tex
File: pgfcoreobjects.code.tex 2021/05/15 v3.1.9a (3.1.9a)
) (c:/texlive/2022/texmf-dist/tex/generic/pgf/basiclayer/pgfcorepathprocessing.code.tex
File: pgfcorepathprocessing.code.tex 2021/05/15 v3.1.9a (3.1.9a)
) (c:/texlive/2022/texmf-dist/tex/generic/pgf/basiclayer/pgfcorearrows.code.tex
File: pgfcorearrows.code.tex 2021/05/15 v3.1.9a (3.1.9a)
\pgfarrowsep=\dimen263
) (c:/texlive/2022/texmf-dist/tex/generic/pgf/basiclayer/pgfcoreshade.code.tex
File: pgfcoreshade.code.tex 2021/05/15 v3.1.9a (3.1.9a)
\pgf@max=\dimen264
\pgf@sys@shading@range@num=\count294
\pgf@shadingcount=\count295
) (c:/texlive/2022/texmf-dist/tex/generic/pgf/basiclayer/pgfcoreimage.code.tex
File: pgfcoreimage.code.tex 2021/05/15 v3.1.9a (3.1.9a)
 (c:/texlive/2022/texmf-dist/tex/generic/pgf/basiclayer/pgfcoreexternal.code.tex
File: pgfcoreexternal.code.tex 2021/05/15 v3.1.9a (3.1.9a)
\pgfexternal@startupbox=\box65
)) (c:/texlive/2022/texmf-dist/tex/generic/pgf/basiclayer/pgfcorelayers.code.tex
File: pgfcorelayers.code.tex 2021/05/15 v3.1.9a (3.1.9a)
) (c:/texlive/2022/texmf-dist/tex/generic/pgf/basiclayer/pgfcoretransparency.code.tex
File: pgfcoretransparency.code.tex 2021/05/15 v3.1.9a (3.1.9a)
) (c:/texlive/2022/texmf-dist/tex/generic/pgf/basiclayer/pgfcorepatterns.code.tex
File: pgfcorepatterns.code.tex 2021/05/15 v3.1.9a (3.1.9a)
) (c:/texlive/2022/texmf-dist/tex/generic/pgf/basiclayer/pgfcorerdf.code.tex
File: pgfcorerdf.code.tex 2021/05/15 v3.1.9a (3.1.9a)
))) (c:/texlive/2022/texmf-dist/tex/latex/pgf/utilities/xxcolor.sty
Package: xxcolor 2003/10/24 ver 0.1
\XC@nummixins=\count296
\XC@countmixins=\count297
) (c:/texlive/2022/texmf-dist/tex/latex/base/atbegshi-ltx.sty
Package: atbegshi-ltx 2021/01/10 v1.0c Emulation of the original atbegshi
package with kernel methods
) (c:/texlive/2022/texmf-dist/tex/latex/hyperref/hyperref.sty
Package: hyperref 2022-06-20 v7.00s Hypertext links for LaTeX
 (c:/texlive/2022/texmf-dist/tex/generic/ltxcmds/ltxcmds.sty
Package: ltxcmds 2020-05-10 v1.25 LaTeX kernel commands for general use (HO)
) (c:/texlive/2022/texmf-dist/tex/generic/pdftexcmds/pdftexcmds.sty
Package: pdftexcmds 2020-06-27 v0.33 Utility functions of pdfTeX for LuaTeX (HO)
 (c:/texlive/2022/texmf-dist/tex/generic/infwarerr/infwarerr.sty
Package: infwarerr 2019/12/03 v1.5 Providing info/warning/error messages (HO)
)
Package pdftexcmds Info: \pdf@primitive is available.
Package pdftexcmds Info: \pdf@ifprimitive is available.
Package pdftexcmds Info: \pdfdraftmode found.
) (c:/texlive/2022/texmf-dist/tex/generic/kvsetkeys/kvsetkeys.sty
Package: kvsetkeys 2019/12/15 v1.18 Key value parser (HO)
) (c:/texlive/2022/texmf-dist/tex/generic/kvdefinekeys/kvdefinekeys.sty
Package: kvdefinekeys 2019-12-19 v1.6 Define keys (HO)
) (c:/texlive/2022/texmf-dist/tex/generic/pdfescape/pdfescape.sty
Package: pdfescape 2019/12/09 v1.15 Implements pdfTeX's escape features (HO)
) (c:/texlive/2022/texmf-dist/tex/latex/hycolor/hycolor.sty
Package: hycolor 2020-01-27 v1.10 Color options for hyperref/bookmark (HO)
) (c:/texlive/2022/texmf-dist/tex/latex/letltxmacro/letltxmacro.sty
Package: letltxmacro 2019/12/03 v1.6 Let assignment for LaTeX macros (HO)
) (c:/texlive/2022/texmf-dist/tex/latex/auxhook/auxhook.sty
Package: auxhook 2019-12-17 v1.6 Hooks for auxiliary files (HO)
) (c:/texlive/2022/texmf-dist/tex/latex/hyperref/nameref.sty
Package: nameref 2022-05-17 v2.50 Cross-referencing by name of section
 (c:/texlive/2022/texmf-dist/tex/latex/refcount/refcount.sty
Package: refcount 2019/12/15 v3.6 Data extraction from label references (HO)
) (c:/texlive/2022/texmf-dist/tex/generic/gettitlestring/gettitlestring.sty
Package: gettitlestring 2019/12/15 v1.6 Cleanup title references (HO)
 (c:/texlive/2022/texmf-dist/tex/latex/kvoptions/kvoptions.sty
Package: kvoptions 2022-06-15 v3.15 Key value format for package options (HO)
))
\c@section@level=\count298
)
\@linkdim=\dimen265
\Hy@linkcounter=\count299
\Hy@pagecounter=\count300
 (c:/texlive/2022/texmf-dist/tex/latex/hyperref/pd1enc.def
File: pd1enc.def 2022-06-20 v7.00s Hyperref: PDFDocEncoding definition (HO)
Now handling font encoding PD1 ...
... no UTF-8 mapping file for font encoding PD1
) (c:/texlive/2022/texmf-dist/tex/generic/intcalc/intcalc.sty
Package: intcalc 2019/12/15 v1.3 Expandable calculations with integers (HO)
) (c:/texlive/2022/texmf-dist/tex/generic/etexcmds/etexcmds.sty
Package: etexcmds 2019/12/15 v1.7 Avoid name clashes with e-TeX commands (HO)
)
\Hy@SavedSpaceFactor=\count301
 (c:/texlive/2022/texmf-dist/tex/latex/hyperref/puenc.def
File: puenc.def 2022-06-20 v7.00s Hyperref: PDF Unicode definition (HO)
Now handling font encoding PU ...
... no UTF-8 mapping file for font encoding PU
)
Package hyperref Info: Option `bookmarks' set `true' on input line 4045.
Package hyperref Info: Option `bookmarksopen' set `true' on input line 4045.
Package hyperref Info: Option `implicit' set `false' on input line 4045.
Package hyperref Info: Hyper figures OFF on input line 4162.
Package hyperref Info: Link nesting OFF on input line 4167.
Package hyperref Info: Hyper index ON on input line 4170.
Package hyperref Info: Plain pages OFF on input line 4177.
Package hyperref Info: Backreferencing OFF on input line 4182.
Package hyperref Info: Implicit mode OFF; no redefinition of LaTeX internals.
Package hyperref Info: Bookmarks ON on input line 4408.
\c@Hy@tempcnt=\count302
 (c:/texlive/2022/texmf-dist/tex/latex/url/url.sty
\Urlmuskip=\muskip16
Package: url 2013/09/16  ver 3.4  Verb mode for urls, etc.
)
LaTeX Info: Redefining \url on input line 4746.
\XeTeXLinkMargin=\dimen266
 (c:/texlive/2022/texmf-dist/tex/generic/bitset/bitset.sty
Package: bitset 2019/12/09 v1.3 Handle bit-vector datatype (HO)
 (c:/texlive/2022/texmf-dist/tex/generic/bigintcalc/bigintcalc.sty
Package: bigintcalc 2019/12/15 v1.5 Expandable calculations on big integers (HO)
))
\Fld@menulength=\count303
\Field@Width=\dimen267
\Fld@charsize=\dimen268
Package hyperref Info: Hyper figures OFF on input line 6024.
Package hyperref Info: Link nesting OFF on input line 6029.
Package hyperref Info: Hyper index ON on input line 6032.
Package hyperref Info: backreferencing OFF on input line 6039.
Package hyperref Info: Link coloring OFF on input line 6044.
Package hyperref Info: Link coloring with OCG OFF on input line 6049.
Package hyperref Info: PDF/A mode OFF on input line 6054.
\Hy@abspage=\count304


Package hyperref Message: Stopped early.

)
Package hyperref Info: Driver (autodetected): hpdftex.
 (c:/texlive/2022/texmf-dist/tex/latex/hyperref/hpdftex.def
File: hpdftex.def 2022-06-20 v7.00s Hyperref driver for pdfTeX
 (c:/texlive/2022/texmf-dist/tex/latex/base/atveryend-ltx.sty
Package: atveryend-ltx 2020/08/19 v1.0a Emulation of the original atveryend package
with kernel methods
)
\Fld@listcount=\count305
\c@bookmark@seq@number=\count306
 (c:/texlive/2022/texmf-dist/tex/latex/rerunfilecheck/rerunfilecheck.sty
Package: rerunfilecheck 2022-07-10 v1.10 Rerun checks for auxiliary files (HO)
 (c:/texlive/2022/texmf-dist/tex/generic/uniquecounter/uniquecounter.sty
Package: uniquecounter 2019/12/15 v1.4 Provide unlimited unique counter (HO)
)
Package uniquecounter Info: New unique counter `rerunfilecheck' on input line 285.
)) (c:/texlive/2022/texmf-dist/tex/latex/beamer/beamerbaserequires.sty (c:/texlive/2022/texmf-dist/tex/latex/beamer/beamerbasecompatibility.sty) (c:/texlive/2022/texmf-dist/tex/latex/beamer/beamerbasefont.sty (c:/texlive/2022/texmf-dist/tex/latex/amsfonts/amssymb.sty
Package: amssymb 2013/01/14 v3.01 AMS font symbols
 (c:/texlive/2022/texmf-dist/tex/latex/amsfonts/amsfonts.sty
Package: amsfonts 2013/01/14 v3.01 Basic AMSFonts support
\@emptytoks=\toks28
\symAMSa=\mathgroup4
\symAMSb=\mathgroup5
LaTeX Font Info:    Redeclaring math symbol \hbar on input line 98.
LaTeX Font Info:    Overwriting math alphabet `\mathfrak' in version `bold'
(Font)                  U/euf/m/n --> U/euf/b/n on input line 106.
))) (c:/texlive/2022/texmf-dist/tex/latex/beamer/beamerbasetranslator.sty (c:/texlive/2022/texmf-dist/tex/latex/translator/translator.sty
Package: translator 2021-05-31 v1.12d Easy translation of strings in LaTeX
)) (c:/texlive/2022/texmf-dist/tex/latex/beamer/beamerbasemisc.sty) (c:/texlive/2022/texmf-dist/tex/latex/beamer/beamerbasetwoscreens.sty) (c:/texlive/2022/texmf-dist/tex/latex/beamer/beamerbaseoverlay.sty
\beamer@argscount=\count307
\beamer@lastskipcover=\skip50
\beamer@trivlistdepth=\count308
) (c:/texlive/2022/texmf-dist/tex/latex/beamer/beamerbasetitle.sty) (c:/texlive/2022/texmf-dist/tex/latex/beamer/beamerbasesection.sty
\c@lecture=\count309
\c@part=\count310
\c@section=\count311
\c@subsection=\count312
\c@subsubsection=\count313
) (c:/texlive/2022/texmf-dist/tex/latex/beamer/beamerbaseframe.sty
\beamer@framebox=\box66
\beamer@frametitlebox=\box67
\beamer@zoombox=\box68
\beamer@zoomcount=\count314
\beamer@zoomframecount=\count315
\beamer@frametextheight=\dimen269
\c@subsectionslide=\count316
\beamer@frametopskip=\skip51
\beamer@framebottomskip=\skip52
\beamer@frametopskipautobreak=\skip53
\beamer@framebottomskipautobreak=\skip54
\beamer@envbody=\toks29
\framewidth=\dimen270
\c@framenumber=\count317
) (c:/texlive/2022/texmf-dist/tex/latex/beamer/beamerbaseverbatim.sty
\beamer@verbatimfileout=\write4
) (c:/texlive/2022/texmf-dist/tex/latex/beamer/beamerbaseframesize.sty
\beamer@splitbox=\box69
\beamer@autobreakcount=\count318
\beamer@autobreaklastheight=\dimen271
\beamer@frametitletoks=\toks30
\beamer@framesubtitletoks=\toks31
) (c:/texlive/2022/texmf-dist/tex/latex/beamer/beamerbaseframecomponents.sty
\beamer@footins=\box70
) (c:/texlive/2022/texmf-dist/tex/latex/beamer/beamerbasecolor.sty) (c:/texlive/2022/texmf-dist/tex/latex/beamer/beamerbasenotes.sty
\beamer@frameboxcopy=\box71
) (c:/texlive/2022/texmf-dist/tex/latex/beamer/beamerbasetoc.sty) (c:/texlive/2022/texmf-dist/tex/latex/beamer/beamerbasetemplates.sty
\beamer@sbttoks=\toks32
 (c:/texlive/2022/texmf-dist/tex/latex/beamer/beamerbaseauxtemplates.sty (c:/texlive/2022/texmf-dist/tex/latex/beamer/beamerbaseboxes.sty
\bmb@box=\box72
\bmb@colorbox=\box73
\bmb@boxwidth=\dimen272
\bmb@boxheight=\dimen273
\bmb@prevheight=\dimen274
\bmb@temp=\dimen275
\bmb@dima=\dimen276
\bmb@dimb=\dimen277
\bmb@prevheight=\dimen278
)
\beamer@blockheadheight=\dimen279
)) (c:/texlive/2022/texmf-dist/tex/latex/beamer/beamerbaselocalstructure.sty (c:/texlive/2022/texmf-dist/tex/latex/tools/enumerate.sty
Package: enumerate 2015/07/23 v3.00 enumerate extensions (DPC)
\@enLab=\toks33
)
\beamer@bibiconwidth=\skip55
\c@figure=\count319
\c@table=\count320
\abovecaptionskip=\skip56
\belowcaptionskip=\skip57
) (c:/texlive/2022/texmf-dist/tex/latex/beamer/beamerbasenavigation.sty
\beamer@section@min@dim=\dimen280
) (c:/texlive/2022/texmf-dist/tex/latex/beamer/beamerbasetheorems.sty (c:/texlive/2022/texmf-dist/tex/latex/amsmath/amsmath.sty
Package: amsmath 2022/04/08 v2.17n AMS math features
\@mathmargin=\skip58

For additional information on amsmath, use the `?' option.
(c:/texlive/2022/texmf-dist/tex/latex/amsmath/amstext.sty
Package: amstext 2021/08/26 v2.01 AMS text
 (c:/texlive/2022/texmf-dist/tex/latex/amsmath/amsgen.sty
File: amsgen.sty 1999/11/30 v2.0 generic functions
\@emptytoks=\toks34
\ex@=\dimen281
)) (c:/texlive/2022/texmf-dist/tex/latex/amsmath/amsbsy.sty
Package: amsbsy 1999/11/29 v1.2d Bold Symbols
\pmbraise@=\dimen282
) (c:/texlive/2022/texmf-dist/tex/latex/amsmath/amsopn.sty
Package: amsopn 2022/04/08 v2.04 operator names
)
\inf@bad=\count321
LaTeX Info: Redefining \frac on input line 234.
\uproot@=\count322
\leftroot@=\count323
LaTeX Info: Redefining \overline on input line 399.
LaTeX Info: Redefining \colon on input line 410.
\classnum@=\count324
\DOTSCASE@=\count325
LaTeX Info: Redefining \ldots on input line 496.
LaTeX Info: Redefining \dots on input line 499.
LaTeX Info: Redefining \cdots on input line 620.
\Mathstrutbox@=\box74
\strutbox@=\box75
LaTeX Info: Redefining \big on input line 722.
LaTeX Info: Redefining \Big on input line 723.
LaTeX Info: Redefining \bigg on input line 724.
LaTeX Info: Redefining \Bigg on input line 725.
\big@size=\dimen283
LaTeX Font Info:    Redeclaring font encoding OML on input line 743.
LaTeX Font Info:    Redeclaring font encoding OMS on input line 744.
\macc@depth=\count326
LaTeX Info: Redefining \bmod on input line 905.
LaTeX Info: Redefining \pmod on input line 910.
LaTeX Info: Redefining \smash on input line 940.
LaTeX Info: Redefining \relbar on input line 970.
LaTeX Info: Redefining \Relbar on input line 971.
\c@MaxMatrixCols=\count327
\dotsspace@=\muskip17
\c@parentequation=\count328
\dspbrk@lvl=\count329
\tag@help=\toks35
\row@=\count330
\column@=\count331
\maxfields@=\count332
\andhelp@=\toks36
\eqnshift@=\dimen284
\alignsep@=\dimen285
\tagshift@=\dimen286
\tagwidth@=\dimen287
\totwidth@=\dimen288
\lineht@=\dimen289
\@envbody=\toks37
\multlinegap=\skip59
\multlinetaggap=\skip60
\mathdisplay@stack=\toks38
LaTeX Info: Redefining \[ on input line 2953.
LaTeX Info: Redefining \] on input line 2954.
) (c:/texlive/2022/texmf-dist/tex/latex/amscls/amsthm.sty
Package: amsthm 2020/05/29 v2.20.6
\thm@style=\toks39
\thm@bodyfont=\toks40
\thm@headfont=\toks41
\thm@notefont=\toks42
\thm@headpunct=\toks43
\thm@preskip=\skip61
\thm@postskip=\skip62
\thm@headsep=\skip63
\dth@everypar=\toks44
)
\c@theorem=\count333
) (c:/texlive/2022/texmf-dist/tex/latex/beamer/beamerbasethemes.sty)) (c:/texlive/2022/texmf-dist/tex/latex/beamer/beamerthemedefault.sty (c:/texlive/2022/texmf-dist/tex/latex/beamer/beamerfontthemedefault.sty) (c:/texlive/2022/texmf-dist/tex/latex/beamer/beamercolorthemedefault.sty) (c:/texlive/2022/texmf-dist/tex/latex/beamer/beamerinnerthemedefault.sty
\beamer@dima=\dimen290
\beamer@dimb=\dimen291
) (c:/texlive/2022/texmf-dist/tex/latex/beamer/beamerouterthemedefault.sty))) (./preamble_slides.tex (c:/texlive/2022/texmf-dist/tex/latex/appendixnumberbeamer/appendixnumberbeamer.sty) (c:/texlive/2022/texmf-dist/tex/latex/beamer/beamerthemeBoadilla.sty (c:/texlive/2022/texmf-dist/tex/latex/beamer/beamercolorthemerose.sty) (c:/texlive/2022/texmf-dist/tex/latex/beamer/beamerinnerthemerounded.sty) (c:/texlive/2022/texmf-dist/tex/latex/beamer/beamercolorthemedolphin.sty) (c:/texlive/2022/texmf-dist/tex/latex/beamer/beamerouterthemeinfolines.sty)) (c:/texlive/2022/texmf-dist/tex/latex/beamer/beamercolorthemelily.sty)
Package hyperref Info: Option `colorlinks' set `false' on input line 43.
 (c:/texlive/2022/texmf-dist/tex/latex/setspace/setspace.sty
Package: setspace 2011/12/19 v6.7a set line spacing
) (c:/texlive/2022/texmf-dist/tex/latex/changepage/changepage.sty
Package: changepage 2009/10/20 v1.0c check page and change page layout
\c@cp@cntr=\count334
\cp@tempcnt=\count335
) (c:/texlive/2022/texmf-dist/tex/latex/psnfss/mathpazo.sty
Package: mathpazo 2020/03/25 PSNFSS-v9.3 Palatino w/ Pazo Math (D.Puga, WaS) 
\symupright=\mathgroup6
) (c:/texlive/2022/texmf-dist/tex/latex/beamer/multimedia.sty
Package: multimedia 2012/05/02 ver 0.02
 (c:/texlive/2022/texmf-dist/tex/generic/iftex/ifpdf.sty
Package: ifpdf 2019/10/25 v3.4 ifpdf legacy package. Use iftex instead.
)
\mm@movie=\count336
) (c:/texlive/2022/texmf-dist/tex/generic/babel/babel.sty
Package: babel 2022/08/29 3.79 The Babel package
\babel@savecnt=\count337
\U@D=\dimen292
\l@unhyphenated=\language87
 (c:/texlive/2022/texmf-dist/tex/generic/babel/txtbabel.def)
\bbl@readstream=\read3
LaTeX Info: Redefining \textlatin on input line 4079.
\bbl@dirlevel=\count338
 (c:/texlive/2022/texmf-dist/tex/generic/babel-english/english.ldf
Language: english 2017/06/06 v3.3r English support from the babel system
Package babel Info: Hyphen rules for 'canadian' set to \l@english
(babel)             (\language0). Reported on input line 102.
Package babel Info: Hyphen rules for 'australian' set to \l@ukenglish
(babel)             (\language21). Reported on input line 105.
Package babel Info: Hyphen rules for 'newzealand' set to \l@ukenglish
(babel)             (\language21). Reported on input line 108.
)) (c:/texlive/2022/texmf-dist/tex/generic/babel/locale/en/babel-english.tex
Package babel Info: Importing font and identification data for english
(babel)             from babel-en.ini. Reported on input line 11.
) (c:/texlive/2022/texmf-dist/tex/latex/caption/caption.sty
Package: caption 2022/03/01 v3.6b Customizing captions (AR)
 (c:/texlive/2022/texmf-dist/tex/latex/caption/caption3.sty
Package: caption3 2022/03/17 v2.3b caption3 kernel (AR)
\caption@tempdima=\dimen293
\captionmargin=\dimen294
\caption@leftmargin=\dimen295
\caption@rightmargin=\dimen296
\caption@width=\dimen297
\caption@indent=\dimen298
\caption@parindent=\dimen299
\caption@hangindent=\dimen300
Package caption Info: beamer document class detected.
 (c:/texlive/2022/texmf-dist/tex/latex/caption/caption-beamer.sto
File: caption-beamer.sto 2022/01/06 v2.0c Adaption of the caption package to the beamer document classes (AR)
))
\c@caption@flags=\count339
\c@continuedfloat=\count340
Package caption Info: changepage package is loaded.
\caption@adjustwidth@hsize=\dimen301
\caption@adjustwidth@linewidth=\dimen302
Package caption Info: hyperref package is loaded.
Package caption Info: Hyperref support is turned off
(caption)             because hyperref has stopped early.
) (c:/texlive/2022/texmf-dist/tex/latex/subfloat/subfloat.sty
Package: subfloat 2003/08/21 version 2.14
 Package `subfloat', Version 2.14 of 2003/08/21.

Package subfloat Warning: Numbers of floats not counted:
(subfloat)                If you use one of the counters subfloatfiguremax or
(subfloat)                subfloattablemax you will get strange error messages
(subfloat)                containing \c@subfloatfiguremax or
(subfloat)                \c@subfloattablemax:
(subfloat)                Please switch on countmax or remove the code using
(subfloat)                the counter then..

) (c:/texlive/2022/texmf-dist/tex/latex/datetime2/datetime2.sty
Package: datetime2 2021/03/21 v1.5.7 (NLCT) date and time formats
 (c:/texlive/2022/texmf-dist/tex/latex/tracklang/tracklang.sty
Package: tracklang 2020/06/30 v1.5 (NLCT) Track Languages
 (c:/texlive/2022/texmf-dist/tex/generic/tracklang/tracklang.tex)) (c:/texlive/2022/texmf-dist/tex/latex/xkeyval/xkeyval.sty
Package: xkeyval 2022/06/16 v2.9 package option processing (HA)
 (c:/texlive/2022/texmf-dist/tex/generic/xkeyval/xkeyval.tex (c:/texlive/2022/texmf-dist/tex/generic/xkeyval/xkvutils.tex
\XKV@toks=\toks45
\XKV@tempa@toks=\toks46
)
\XKV@depth=\count341
File: xkeyval.tex 2014/12/03 v2.7a key=value parser (HA)
)) (c:/texlive/2022/texmf-dist/tex/latex/datetime2-english/datetime2-english.ldf
File: datetime2-english.ldf 2019/10/21 v1.05 (NLCT)
 (c:/texlive/2022/texmf-dist/tex/latex/datetime2-english/datetime2-english-base.ldf
File: datetime2-english-base.ldf 2019/10/21 v1.05 (NLCT)
)) (c:/texlive/2022/texmf-dist/tex/latex/datetime2-english/datetime2-en-US.ldf
File: datetime2-en-US.ldf 2019/10/21 v1.05 (NLCT)
)) (c:/texlive/2022/texmf-dist/tex/latex/tabulary/tabulary.sty
Package: tabulary 2014/06/11 v0.10 tabulary package (DPC)
 (c:/texlive/2022/texmf-dist/tex/latex/tools/array.sty
Package: array 2022/03/10 v2.5f Tabular extension package (FMi)
\col@sep=\dimen303
\ar@mcellbox=\box76
\extrarowheight=\dimen304
\NC@list=\toks47
\extratabsurround=\skip64
\backup@length=\skip65
\ar@cellbox=\box77
)
\TY@count=\count342
\TY@linewidth=\dimen305
\tymin=\dimen306
\tymax=\dimen307
\TY@tablewidth=\dimen308
) (c:/texlive/2022/texmf-dist/tex/latex/tools/tabularx.sty
Package: tabularx 2020/01/15 v2.11c `tabularx' package (DPC)
\TX@col@width=\dimen309
\TX@old@table=\dimen310
\TX@old@col=\dimen311
\TX@target=\dimen312
\TX@delta=\dimen313
\TX@cols=\count343
\TX@ftn=\toks48
) (c:/texlive/2022/texmf-dist/tex/latex/makecell/makecell.sty
Package: makecell 2009/08/03 V0.1e Managing of Tab Column Heads and Cells
\rotheadsize=\dimen314
\c@nlinenum=\count344
\TeXr@lab=\toks49
) (c:/texlive/2022/texmf-dist/tex/latex/booktabs/booktabs.sty
Package: booktabs 2020/01/12 v1.61803398 Publication quality tables
\heavyrulewidth=\dimen315
\lightrulewidth=\dimen316
\cmidrulewidth=\dimen317
\belowrulesep=\dimen318
\belowbottomsep=\dimen319
\aboverulesep=\dimen320
\abovetopsep=\dimen321
\cmidrulesep=\dimen322
\cmidrulekern=\dimen323
\defaultaddspace=\dimen324
\@cmidla=\count345
\@cmidlb=\count346
\@aboverulesep=\dimen325
\@belowrulesep=\dimen326
\@thisruleclass=\count347
\@lastruleclass=\count348
\@thisrulewidth=\dimen327
) (c:/texlive/2022/texmf-dist/tex/latex/base/fontenc.sty
Package: fontenc 2021/04/29 v2.0v Standard LaTeX package
LaTeX Font Info:    Trying to load font information for T1+ppl on input line 112.
 (c:/texlive/2022/texmf-dist/tex/latex/psnfss/t1ppl.fd
File: t1ppl.fd 2001/06/04 font definitions for T1/ppl.
)) (c:/texlive/2022/texmf-dist/tex/latex/base/inputenc.sty
Package: inputenc 2021/02/14 v1.3d Input encoding file
\inpenc@prehook=\toks50
\inpenc@posthook=\toks51
) (c:/texlive/2022/texmf-dist/tex/latex/psnfss/times.sty
Package: times 2020/03/25 PSNFSS-v9.3 (SPQR) 
) (c:/texlive/2022/texmf-dist/tex/latex/textpos/textpos.sty
Package: textpos 2022/07/23 v1.10.1
Package textpos Info: choosing support for LaTeX3 on input line 60.
\TP@textbox=\box78
\TP@holdbox=\box79
\TPHorizModule=\dimen328
\TPVertModule=\dimen329
\TP@margin=\dimen330
\TP@absmargin=\dimen331

Grid set 16 x 16 = 28.45274pt x 16.00467pt
\TPboxrulesize=\dimen332
\TP@ox=\dimen333
\TP@oy=\dimen334
\TP@tbargs=\toks52
TextBlockOrigin set to 0pt x 0pt
) (c:/texlive/2022/texmf-dist/tex/latex/colortbl/colortbl.sty
Package: colortbl 2022/06/20 v1.0f Color table columns (DPC)
\everycr=\toks53
\minrowclearance=\skip66
\rownum=\count349
) (c:/texlive/2022/texmf-dist/tex/latex/pdfpages/pdfpages.sty
Package: pdfpages 2022/05/22 v0.5v Insert pages of external PDF documents (AM)
 (c:/texlive/2022/texmf-dist/tex/latex/base/ifthen.sty
Package: ifthen 2022/04/13 v1.1d Standard LaTeX ifthen package (DPC)
) (c:/texlive/2022/texmf-dist/tex/latex/tools/calc.sty
Package: calc 2017/05/25 v4.3 Infix arithmetic (KKT,FJ)
\calc@Acount=\count350
\calc@Bcount=\count351
\calc@Adimen=\dimen335
\calc@Bdimen=\dimen336
\calc@Askip=\skip67
\calc@Bskip=\skip68
LaTeX Info: Redefining \setlength on input line 80.
LaTeX Info: Redefining \addtolength on input line 81.
\calc@Ccount=\count352
\calc@Cskip=\skip69
) (c:/texlive/2022/texmf-dist/tex/latex/eso-pic/eso-pic.sty
Package: eso-pic 2020/10/14 v3.0a eso-pic (RN)
\ESO@tempdima=\dimen337
\ESO@tempdimb=\dimen338
)
\AM@pagewidth=\dimen339
\AM@pageheight=\dimen340
\AM@fboxrule=\dimen341
 (c:/texlive/2022/texmf-dist/tex/latex/pdfpages/pppdftex.def
File: pppdftex.def 2022/05/22 v0.5v Pdfpages driver for pdfTeX (AM)
)
\pdfpages@includegraphics@status=\count353
\AM@pagebox=\box80
\AM@global@opts=\toks54
\AM@pagecnt=\count354
\AM@toc@title=\toks55
\c@AM@survey=\count355
\AM@templatesizebox=\box81
) (c:/texlive/2022/texmf-dist/tex/latex/caption/subcaption.sty
Package: subcaption 2022/01/07 v1.5 Sub-captions (AR)
\c@subfigure=\count356
\c@subtable=\count357
) (c:/texlive/2022/texmf-dist/tex/latex/adjustbox/adjustbox.sty
Package: adjustbox 2020/08/19 v1.3 Adjusting TeX boxes (trim, clip, ...)
 (c:/texlive/2022/texmf-dist/tex/latex/adjustbox/adjcalc.sty
Package: adjcalc 2012/05/16 v1.1 Provides advanced setlength with multiple back-ends (calc, etex, pgfmath)
) (c:/texlive/2022/texmf-dist/tex/latex/adjustbox/trimclip.sty
Package: trimclip 2020/08/19 v1.2 Trim and clip general TeX material
 (c:/texlive/2022/texmf-dist/tex/latex/collectbox/collectbox.sty
Package: collectbox 2012/05/17 v0.4b Collect macro arguments as boxes
\collectedbox=\box82
)
\tc@llx=\dimen342
\tc@lly=\dimen343
\tc@urx=\dimen344
\tc@ury=\dimen345
Package trimclip Info: Using driver 'tc-pdftex.def'.
 (c:/texlive/2022/texmf-dist/tex/latex/adjustbox/tc-pdftex.def
File: tc-pdftex.def 2019/01/04 v2.2 Clipping driver for pdftex
))
\adjbox@Width=\dimen346
\adjbox@Height=\dimen347
\adjbox@Depth=\dimen348
\adjbox@Totalheight=\dimen349
\adjbox@pwidth=\dimen350
\adjbox@pheight=\dimen351
\adjbox@pdepth=\dimen352
\adjbox@ptotalheight=\dimen353
 (c:/texlive/2022/texmf-dist/tex/latex/ifoddpage/ifoddpage.sty
Package: ifoddpage 2016/04/23 v1.1 Conditionals for odd/even page detection
\c@checkoddpage=\count358
LaTeX Info: Redefining \checkoddpage on input line 45.
) (c:/texlive/2022/texmf-dist/tex/latex/varwidth/varwidth.sty
Package: varwidth 2009/03/30 ver 0.92;  Variable-width minipages
\@vwid@box=\box83
\sift@deathcycles=\count359
\@vwid@loff=\dimen354
\@vwid@roff=\dimen355
)) (c:/texlive/2022/texmf-dist/tex/latex/eurosym/eurosym.sty
Package: eurosym 1998/08/06 v1.1 European currency symbol ``Euro''
\@eurobox=\box84
) (c:/texlive/2022/texmf-dist/tex/latex/was/gensymb.sty
Package: gensymb 2003/07/02 v1.0 (WaS)
) (c:/texlive/2022/texmf-dist/tex/latex/doublestroke/dsfont.sty
Package: dsfont 1995/08/01 v0.1 Double stroke roman fonts
) (c:/texlive/2022/texmf-dist/tex/latex/pgf/frontendlayer/tikz.sty (c:/texlive/2022/texmf-dist/tex/latex/pgf/basiclayer/pgf.sty
Package: pgf 2021/05/15 v3.1.9a (3.1.9a)
 (c:/texlive/2022/texmf-dist/tex/generic/pgf/modules/pgfmoduleshapes.code.tex
File: pgfmoduleshapes.code.tex 2021/05/15 v3.1.9a (3.1.9a)
\pgfnodeparttextbox=\box85
) (c:/texlive/2022/texmf-dist/tex/generic/pgf/modules/pgfmoduleplot.code.tex
File: pgfmoduleplot.code.tex 2021/05/15 v3.1.9a (3.1.9a)
) (c:/texlive/2022/texmf-dist/tex/latex/pgf/compatibility/pgfcomp-version-0-65.sty
Package: pgfcomp-version-0-65 2021/05/15 v3.1.9a (3.1.9a)
\pgf@nodesepstart=\dimen356
\pgf@nodesepend=\dimen357
) (c:/texlive/2022/texmf-dist/tex/latex/pgf/compatibility/pgfcomp-version-1-18.sty
Package: pgfcomp-version-1-18 2021/05/15 v3.1.9a (3.1.9a)
)) (c:/texlive/2022/texmf-dist/tex/latex/pgf/utilities/pgffor.sty (c:/texlive/2022/texmf-dist/tex/generic/pgf/utilities/pgffor.code.tex
Package: pgffor 2021/05/15 v3.1.9a (3.1.9a)
 (c:/texlive/2022/texmf-dist/tex/generic/pgf/math/pgfmath.code.tex)
\pgffor@iter=\dimen358
\pgffor@skip=\dimen359
\pgffor@stack=\toks56
\pgffor@toks=\toks57
)) (c:/texlive/2022/texmf-dist/tex/generic/pgf/frontendlayer/tikz/tikz.code.tex
Package: tikz 2021/05/15 v3.1.9a (3.1.9a)
 (c:/texlive/2022/texmf-dist/tex/generic/pgf/libraries/pgflibraryplothandlers.code.tex
File: pgflibraryplothandlers.code.tex 2021/05/15 v3.1.9a (3.1.9a)
\pgf@plot@mark@count=\count360
\pgfplotmarksize=\dimen360
)
\tikz@lastx=\dimen361
\tikz@lasty=\dimen362
\tikz@lastxsaved=\dimen363
\tikz@lastysaved=\dimen364
\tikz@lastmovetox=\dimen365
\tikz@lastmovetoy=\dimen366
\tikzleveldistance=\dimen367
\tikzsiblingdistance=\dimen368
\tikz@figbox=\box86
\tikz@figbox@bg=\box87
\tikz@tempbox=\box88
\tikz@tempbox@bg=\box89
\tikztreelevel=\count361
\tikznumberofchildren=\count362
\tikznumberofcurrentchild=\count363
\tikz@fig@count=\count364
 (c:/texlive/2022/texmf-dist/tex/generic/pgf/modules/pgfmodulematrix.code.tex
File: pgfmodulematrix.code.tex 2021/05/15 v3.1.9a (3.1.9a)
\pgfmatrixcurrentrow=\count365
\pgfmatrixcurrentcolumn=\count366
\pgf@matrix@numberofcolumns=\count367
)
\tikz@expandcount=\count368
 (c:/texlive/2022/texmf-dist/tex/generic/pgf/frontendlayer/tikz/libraries/tikzlibrarytopaths.code.tex
File: tikzlibrarytopaths.code.tex 2021/05/15 v3.1.9a (3.1.9a)
))) (c:/texlive/2022/texmf-dist/tex/latex/wasysym/wasysym.sty
Package: wasysym 2020/01/19 v2.4 Wasy-2 symbol support package
\symwasy=\mathgroup7
LaTeX Font Info:    Overwriting symbol font `wasy' in version `bold'
(Font)                  U/wasy/m/n --> U/wasy/b/n on input line 93.
) (c:/texlive/2022/texmf-dist/tex/latex/environ/environ.sty
Package: environ 2014/05/04 v0.3 A new way to define environments
 (c:/texlive/2022/texmf-dist/tex/latex/trimspaces/trimspaces.sty
Package: trimspaces 2009/09/17 v1.1 Trim spaces around a token list
)))
LaTeX Font Info:    Trying to load font information for T1+ptm on input line 17.
 (c:/texlive/2022/texmf-dist/tex/latex/psnfss/t1ptm.fd
File: t1ptm.fd 2001/06/04 font definitions for T1/ptm.
) (c:/texlive/2022/texmf-dist/tex/latex/l3backend/l3backend-pdftex.def
File: l3backend-pdftex.def 2022-08-30 L3 backend support: PDF output (pdfTeX)
\l__color_backend_stack_int=\count369
\l__pdf_internal_box=\box90
) (build/robust_global_redistr.aux

LaTeX Warning: Label `conjoint_countries' multiply defined.


LaTeX Warning: Label `conjoint_countries' multiply defined.


LaTeX Warning: Label `conjoint_countries' multiply defined.


LaTeX Warning: Label `conjoint_countries' multiply defined.


LaTeX Warning: Label `conjoint_countries' multiply defined.


LaTeX Warning: Label `conjoint_countries' multiply defined.


LaTeX Warning: Label `conjoint_countries' multiply defined.


LaTeX Warning: Label `conjoint_countries' multiply defined.


LaTeX Warning: Label `conjoint_countries' multiply defined.

)
\openout1 = `robust_global_redistr.aux'.

LaTeX Font Info:    Checking defaults for OML/cmm/m/it on input line 17.
LaTeX Font Info:    ... okay on input line 17.
LaTeX Font Info:    Checking defaults for OMS/cmsy/m/n on input line 17.
LaTeX Font Info:    ... okay on input line 17.
LaTeX Font Info:    Checking defaults for OT1/cmr/m/n on input line 17.
LaTeX Font Info:    ... okay on input line 17.
LaTeX Font Info:    Checking defaults for T1/cmr/m/n on input line 17.
LaTeX Font Info:    ... okay on input line 17.
LaTeX Font Info:    Checking defaults for TS1/cmr/m/n on input line 17.
LaTeX Font Info:    ... okay on input line 17.
LaTeX Font Info:    Checking defaults for OMX/cmex/m/n on input line 17.
LaTeX Font Info:    ... okay on input line 17.
LaTeX Font Info:    Checking defaults for U/cmr/m/n on input line 17.
LaTeX Font Info:    ... okay on input line 17.
LaTeX Font Info:    Checking defaults for PD1/pdf/m/n on input line 17.
LaTeX Font Info:    ... okay on input line 17.
LaTeX Font Info:    Checking defaults for PU/pdf/m/n on input line 17.
LaTeX Font Info:    ... okay on input line 17.

*geometry* driver: auto-detecting
*geometry* detected driver: pdftex
*geometry* verbose mode - [ preamble ] result:
* driver: pdftex
* paper: custom
* layout: <same size as paper>
* layoutoffset:(h,v)=(0.0pt,0.0pt)
* modes: includehead includefoot 
* h-part:(L,W,R)=(2.84544pt, 449.55319pt, 2.84544pt)
* v-part:(T,H,B)=(0.0pt, 256.0748pt, 0.0pt)
* \paperwidth=455.24408pt
* \paperheight=256.0748pt
* \textwidth=449.55319pt
* \textheight=227.62207pt
* \oddsidemargin=-69.42455pt
* \evensidemargin=-69.42455pt
* \topmargin=-72.26999pt
* \headheight=14.22636pt
* \headsep=0.0pt
* \topskip=11.0pt
* \footskip=14.22636pt
* \marginparwidth=4.0pt
* \marginparsep=10.0pt
* \columnsep=10.0pt
* \skip\footins=10.0pt plus 4.0pt minus 2.0pt
* \hoffset=0.0pt
* \voffset=0.0pt
* \mag=1000
* \@twocolumnfalse
* \@twosidefalse
* \@mparswitchfalse
* \@reversemarginfalse
* (1in=72.27pt=25.4mm, 1cm=28.453pt)

(c:/texlive/2022/texmf-dist/tex/context/base/mkii/supp-pdf.mkii
[Loading MPS to PDF converter (version 2006.09.02).]
\scratchcounter=\count370
\scratchdimen=\dimen369
\scratchbox=\box91
\nofMPsegments=\count371
\nofMParguments=\count372
\everyMPshowfont=\toks58
\MPscratchCnt=\count373
\MPscratchDim=\dimen370
\MPnumerator=\count374
\makeMPintoPDFobject=\count375
\everyMPtoPDFconversion=\toks59
) (c:/texlive/2022/texmf-dist/tex/latex/epstopdf-pkg/epstopdf-base.sty
Package: epstopdf-base 2020-01-24 v2.11 Base part for package epstopdf
Package epstopdf-base Info: Redefining graphics rule for `.eps' on input line 485.
 (c:/texlive/2022/texmf-dist/tex/latex/latexconfig/epstopdf-sys.cfg
File: epstopdf-sys.cfg 2010/07/13 v1.3 Configuration of (r)epstopdf for TeX Live
))
Package hyperref Info: Link coloring OFF on input line 17.
 (build/robust_global_redistr.out) (build/robust_global_redistr.out)
\@outlinefile=\write5
\openout5 = `robust_global_redistr.out'.

\symnumbers=\mathgroup8
\sympureletters=\mathgroup9
LaTeX Font Info:    Overwriting math alphabet `\mathrm' in version `normal'
(Font)                  OT1/ppl/m/n --> T1/ptm/m/n on input line 17.
LaTeX Font Info:    Redeclaring math alphabet \mathbf on input line 17.
LaTeX Font Info:    Overwriting math alphabet `\mathbf' in version `normal'
(Font)                  OT1/zplm/b/n --> T1/ptm/b/n on input line 17.
LaTeX Font Info:    Overwriting math alphabet `\mathbf' in version `bold'
(Font)                  OT1/zplm/b/n --> T1/ptm/b/n on input line 17.
LaTeX Font Info:    Redeclaring math alphabet \mathsf on input line 17.
LaTeX Font Info:    Overwriting math alphabet `\mathsf' in version `normal'
(Font)                  OT1/cmss/m/n --> T1/phv/m/n on input line 17.
LaTeX Font Info:    Overwriting math alphabet `\mathsf' in version `bold'
(Font)                  OT1/cmss/bx/n --> T1/phv/m/n on input line 17.
LaTeX Font Info:    Redeclaring math alphabet \mathit on input line 17.
LaTeX Font Info:    Overwriting math alphabet `\mathit' in version `normal'
(Font)                  OT1/ppl/m/it --> T1/ptm/m/it on input line 17.
LaTeX Font Info:    Overwriting math alphabet `\mathit' in version `bold'
(Font)                  OT1/ppl/b/it --> T1/ptm/m/it on input line 17.
LaTeX Font Info:    Redeclaring math alphabet \mathtt on input line 17.
LaTeX Font Info:    Overwriting math alphabet `\mathtt' in version `normal'
(Font)                  OT1/cmtt/m/n --> T1/pcr/m/n on input line 17.
LaTeX Font Info:    Overwriting math alphabet `\mathtt' in version `bold'
(Font)                  OT1/cmtt/m/n --> T1/pcr/m/n on input line 17.
LaTeX Font Info:    Overwriting symbol font `numbers' in version `bold'
(Font)                  T1/ptm/m/n --> T1/ptm/b/n on input line 17.
LaTeX Font Info:    Overwriting symbol font `pureletters' in version `bold'
(Font)                  T1/ptm/m/it --> T1/ptm/b/it on input line 17.
LaTeX Font Info:    Overwriting math alphabet `\mathrm' in version `bold'
(Font)                  OT1/ppl/b/n --> T1/ptm/b/n on input line 17.
LaTeX Font Info:    Overwriting math alphabet `\mathbf' in version `bold'
(Font)                  T1/ptm/b/n --> T1/ptm/b/n on input line 17.
LaTeX Font Info:    Overwriting math alphabet `\mathsf' in version `bold'
(Font)                  T1/phv/m/n --> T1/phv/b/n on input line 17.
LaTeX Font Info:    Overwriting math alphabet `\mathit' in version `bold'
(Font)                  T1/ptm/m/it --> T1/ptm/b/it on input line 17.
LaTeX Font Info:    Overwriting math alphabet `\mathtt' in version `bold'
(Font)                  T1/pcr/m/n --> T1/pcr/b/n on input line 17.
 (c:/texlive/2022/texmf-dist/tex/latex/translator/translator-basic-dictionary-English.dict
Dictionary: translator-basic-dictionary, Language: English 
) (c:/texlive/2022/texmf-dist/tex/latex/translator/translator-bibliography-dictionary-English.dict
Dictionary: translator-bibliography-dictionary, Language: English 
) (c:/texlive/2022/texmf-dist/tex/latex/translator/translator-environment-dictionary-English.dict
Dictionary: translator-environment-dictionary, Language: English 
) (c:/texlive/2022/texmf-dist/tex/latex/translator/translator-months-dictionary-English.dict
Dictionary: translator-months-dictionary, Language: English 
) (c:/texlive/2022/texmf-dist/tex/latex/translator/translator-numbers-dictionary-English.dict
Dictionary: translator-numbers-dictionary, Language: English 
) (c:/texlive/2022/texmf-dist/tex/latex/translator/translator-theorem-dictionary-English.dict
Dictionary: translator-theorem-dictionary, Language: English 
)
Package caption Info: Begin \AtBeginDocument code.
Package caption Info: End \AtBeginDocument code.
 (c:/texlive/2022/texmf-dist/tex/latex/pdflscape/pdflscape.sty
Package: pdflscape 2019/12/05 v0.12 Display of landscape pages in PDF (HO)
 (c:/texlive/2022/texmf-dist/tex/latex/graphics/lscape.sty
Package: lscape 2020/05/28 v3.02 Landscape Pages (DPC)
)
Package pdflscape Info: Auto-detected driver: pdftex on input line 81.
)
LaTeX Info: Redefining \celsius on input line 17.
Package gensymb Info: Faking symbols for \degree and \celsius on input line 17.


Package gensymb Warning: Not defining \perthousand.

LaTeX Info: Redefining \ohm on input line 17.
Package gensymb Info: Using \upOmega for \ohm on input line 17.

Package gensymb Warning: Not defining \micro.

(build/robust_global_redistr.nav)

Package datetime2 Warning: Region `english-base' has ignored 
(datetime2)                the following settings:
(datetime2)                showdayofmonth=false
 on input line 39.


Package datetime2 Warning: Region `english' has ignored 
(datetime2)                the following settings:
(datetime2)                showdayofmonth=false
 on input line 39.

[1

{c:/texlive/2022/texmf-var/fonts/map/pdftex/updmap/pdftex.map}]
LaTeX Font Info:    Trying to load font information for OT1+ppl on input line 58.
 (c:/texlive/2022/texmf-dist/tex/latex/psnfss/ot1ppl.fd
File: ot1ppl.fd 2001/06/04 font definitions for OT1/ppl.
)
LaTeX Font Info:    Trying to load font information for OML+zplm on input line 58.
 (c:/texlive/2022/texmf-dist/tex/latex/psnfss/omlzplm.fd
File: omlzplm.fd 2002/09/08 Fontinst v1.914 font definitions for OML/zplm.
)
LaTeX Font Info:    Trying to load font information for OMS+zplm on input line 58.
 (c:/texlive/2022/texmf-dist/tex/latex/psnfss/omszplm.fd
File: omszplm.fd 2002/09/08 Fontinst v1.914 font definitions for OMS/zplm.
)
LaTeX Font Info:    Trying to load font information for OMX+zplm on input line 58.
 (c:/texlive/2022/texmf-dist/tex/latex/psnfss/omxzplm.fd
File: omxzplm.fd 2002/09/08 Fontinst v1.914 font definitions for OMX/zplm.
)
LaTeX Font Info:    Font shape `U/msa/m/n' will be
(Font)              scaled to size 11.40997pt on input line 58.
LaTeX Font Info:    Font shape `U/msa/m/n' will be
(Font)              scaled to size 8.33606pt on input line 58.
LaTeX Font Info:    Font shape `U/msa/m/n' will be
(Font)              scaled to size 6.25204pt on input line 58.
LaTeX Font Info:    Font shape `U/msb/m/n' will be
(Font)              scaled to size 11.40997pt on input line 58.
LaTeX Font Info:    Font shape `U/msb/m/n' will be
(Font)              scaled to size 8.33606pt on input line 58.
LaTeX Font Info:    Font shape `U/msb/m/n' will be
(Font)              scaled to size 6.25204pt on input line 58.
LaTeX Font Info:    Trying to load font information for OT1+zplm on input line 58.
 (c:/texlive/2022/texmf-dist/tex/latex/psnfss/ot1zplm.fd
File: ot1zplm.fd 2002/09/08 Fontinst v1.914 font definitions for OT1/zplm.
)
LaTeX Font Info:    Trying to load font information for U+wasy on input line 58.
 (c:/texlive/2022/texmf-dist/tex/latex/wasysym/uwasy.fd
File: uwasy.fd 2020/01/19 v2.4 Wasy-2 symbol font definitions
)
LaTeX Font Info:    Font shape `U/msa/m/n' will be
(Font)              scaled to size 10.42007pt on input line 58.
LaTeX Font Info:    Font shape `U/msa/m/n' will be
(Font)              scaled to size 7.91925pt on input line 58.
LaTeX Font Info:    Font shape `U/msb/m/n' will be
(Font)              scaled to size 10.42007pt on input line 58.
LaTeX Font Info:    Font shape `U/msb/m/n' will be
(Font)              scaled to size 7.91925pt on input line 58.
 [2

] [3

] [4

] [5

] [6

] [7

] [8

] [9

] [10

] [11

] [12

] [13

] [14

] [15

] [16

] [17

] [18

] [19

] [20

] [21

]
<../figures/maps_participation/country_coverage_progress.png, id=138, 1393.45593pt x 380.17032pt>
File: ../figures/maps_participation/country_coverage_progress.png Graphic file (type png)
<use ../figures/maps_participation/country_coverage_progress.png>
Package pdftex.def Info: ../figures/maps_participation/country_coverage_progress.png  used on input line 85.
(pdftex.def)             Requested size: 449.55319pt x 122.64894pt.

Overfull \vbox (6.30118pt too high) detected at line 85
 []

[22

 <../figures/maps_participation/country_coverage_progress.png>]
<../figures/all/concerns_field_en.pdf, id=148, 229.85875pt x 233.87375pt>
File: ../figures/all/concerns_field_en.pdf Graphic file (type pdf)
<use ../figures/all/concerns_field_en.pdf>
Package pdftex.def Info: ../figures/all/concerns_field_en.pdf  used on input line 147.
(pdftex.def)             Requested size: 96.2945pt x 97.97726pt.
<../figures/all/wish_field_en.pdf, id=149, 266.9975pt x 235.88126pt>
File: ../figures/all/wish_field_en.pdf Graphic file (type pdf)
<use ../figures/all/wish_field_en.pdf>
Package pdftex.def Info: ../figures/all/wish_field_en.pdf  used on input line 147.
(pdftex.def)             Requested size: 110.90373pt x 97.97726pt.
<../figures/all/issue_field_en.pdf, id=150, 360.34625pt x 336.25626pt>
File: ../figures/all/issue_field_en.pdf Graphic file (type pdf)
<use ../figures/all/issue_field_en.pdf>
Package pdftex.def Info: ../figures/all/issue_field_en.pdf  used on input line 147.
(pdftex.def)             Requested size: 104.9981pt x 97.97726pt.
<../figures/all/injustice_field_en.pdf, id=151, 232.87pt x 233.87375pt>
File: ../figures/all/injustice_field_en.pdf Graphic file (type pdf)
<use ../figures/all/injustice_field_en.pdf>
Package pdftex.def Info: ../figures/all/injustice_field_en.pdf  used on input line 147.
(pdftex.def)             Requested size: 97.55598pt x 97.97726pt.

Overfull \vbox (13.34526pt too high) detected at line 147
 []

[23

 <../figures/all/concerns_field_en.pdf> <../figures/all/wish_field_en.pdf> <../figures/all/issue_field_en.pdf> <../figures/all/injustice_field_en.pdf>]
<../figures/questionnaire/conjoint_US_10.png, id=187, 389.0535pt x 504.08325pt>
File: ../figures/questionnaire/conjoint_US_10.png Graphic file (type png)
<use ../figures/questionnaire/conjoint_US_10.png>
Package pdftex.def Info: ../figures/questionnaire/conjoint_US_10.png  used on input line 161.
(pdftex.def)             Requested size: 175.8145pt x 227.79884pt.

Overfull \vbox (8.95184pt too high) detected at line 161
 []

[24

 <../figures/questionnaire/conjoint_US_10.png>]
<../figures/questionnaire/conjoint_US_5.png, id=194, 290.88675pt x 463.7325pt>
File: ../figures/questionnaire/conjoint_US_5.png Graphic file (type png)
<use ../figures/questionnaire/conjoint_US_5.png>
Package pdftex.def Info: ../figures/questionnaire/conjoint_US_5.png  used on input line 161.
(pdftex.def)             Requested size: 142.89526pt x 227.79884pt.

Overfull \vbox (8.95184pt too high) detected at line 161
 []

[25

 <../figures/questionnaire/conjoint_US_5.png>]
<../figures/questionnaire/conjoint_US_7.png, id=202, 290.2845pt x 407.121pt>
File: ../figures/questionnaire/conjoint_US_7.png Graphic file (type png)
<use ../figures/questionnaire/conjoint_US_7.png>
Package pdftex.def Info: ../figures/questionnaire/conjoint_US_7.png  used on input line 161.
(pdftex.def)             Requested size: 162.42532pt x 227.79884pt.

Overfull \vbox (8.95184pt too high) detected at line 161
 []

[26

 <../figures/questionnaire/conjoint_US_7.png>]
<../figures/questionnaire/conjoint_US_9.png, id=209, 387.24675pt x 504.08325pt>
File: ../figures/questionnaire/conjoint_US_9.png Graphic file (type png)
<use ../figures/questionnaire/conjoint_US_9.png>
Package pdftex.def Info: ../figures/questionnaire/conjoint_US_9.png  used on input line 161.
(pdftex.def)             Requested size: 174.99803pt x 227.79884pt.

Overfull \vbox (8.95184pt too high) detected at line 161
 []

[27

 <../figures/questionnaire/conjoint_US_9.png>]
<../figures/questionnaire/conjoint_US_8.png, id=216, 292.09125pt x 406.51875pt>
File: ../figures/questionnaire/conjoint_US_8.png Graphic file (type png)
<use ../figures/questionnaire/conjoint_US_8.png>
Package pdftex.def Info: ../figures/questionnaire/conjoint_US_8.png  used on input line 161.
(pdftex.def)             Requested size: 163.67694pt x 227.79884pt.

Overfull \vbox (8.95184pt too high) detected at line 161
 []

[28

 <../figures/questionnaire/conjoint_US_8.png>] [29

]
<../figures/questionnaire/conjoint_US_3.png, id=228, 290.88675pt x 434.8245pt>
File: ../figures/questionnaire/conjoint_US_3.png Graphic file (type png)
<use ../figures/questionnaire/conjoint_US_3.png>
Package pdftex.def Info: ../figures/questionnaire/conjoint_US_3.png  used on input line 161.
(pdftex.def)             Requested size: 152.39381pt x 227.79884pt.

Overfull \vbox (8.95184pt too high) detected at line 161
 []

[30

 <../figures/questionnaire/conjoint_US_3.png>]
<../figures/questionnaire/conjoint_US_6.png, id=235, 292.6935pt x 443.85825pt>
File: ../figures/questionnaire/conjoint_US_6.png Graphic file (type png)
<use ../figures/questionnaire/conjoint_US_6.png>
Package pdftex.def Info: ../figures/questionnaire/conjoint_US_6.png  used on input line 161.
(pdftex.def)             Requested size: 150.21852pt x 227.79884pt.

Overfull \vbox (8.95184pt too high) detected at line 161
 []

[31

 <../figures/questionnaire/conjoint_US_6.png>]
<../figures/questionnaire/conjoint_US_2.png, id=243, 292.6935pt x 368.577pt>
File: ../figures/questionnaire/conjoint_US_2.png Graphic file (type png)
<use ../figures/questionnaire/conjoint_US_2.png>
Package pdftex.def Info: ../figures/questionnaire/conjoint_US_2.png  used on input line 161.
(pdftex.def)             Requested size: 180.90535pt x 227.79884pt.

Overfull \vbox (8.95184pt too high) detected at line 161
 []

[32

 <../figures/questionnaire/conjoint_US_2.png>]
<../figures/questionnaire/conjoint_US_1.png, id=250, 293.29575pt x 418.56375pt>
File: ../figures/questionnaire/conjoint_US_1.png Graphic file (type png)
<use ../figures/questionnaire/conjoint_US_1.png>
Package pdftex.def Info: ../figures/questionnaire/conjoint_US_1.png  used on input line 161.
(pdftex.def)             Requested size: 159.62148pt x 227.79884pt.

Overfull \vbox (8.95184pt too high) detected at line 161
 []

[33

 <../figures/questionnaire/conjoint_US_1.png>]
<../figures/all/conjoint_EN.pdf, id=257, 1003.75pt x 702.625pt>
File: ../figures/all/conjoint_EN.pdf Graphic file (type pdf)
<use ../figures/all/conjoint_EN.pdf>
Package pdftex.def Info: ../figures/all/conjoint_EN.pdf  used on input line 168.
(pdftex.def)             Requested size: 339.43257pt x 237.59882pt.

Overfull \vbox (16.79362pt too high) detected at line 168
 []

[34

 <../figures/all/conjoint_EN.pdf>]
LaTeX Font Info:    Font shape `U/msa/m/n' will be
(Font)              scaled to size 9.37807pt on input line 190.
LaTeX Font Info:    Font shape `U/msa/m/n' will be
(Font)              scaled to size 7.29405pt on input line 190.
LaTeX Font Info:    Font shape `U/msa/m/n' will be
(Font)              scaled to size 5.21004pt on input line 190.
LaTeX Font Info:    Font shape `U/msb/m/n' will be
(Font)              scaled to size 9.37807pt on input line 190.
LaTeX Font Info:    Font shape `U/msb/m/n' will be
(Font)              scaled to size 7.29405pt on input line 190.
LaTeX Font Info:    Font shape `U/msb/m/n' will be
(Font)              scaled to size 5.21004pt on input line 190.
<../figures/country_comparison/program_preferred_by_cut_aid_in_program.pdf, id=270, 274.02374pt x 237.88875pt>
File: ../figures/country_comparison/program_preferred_by_cut_aid_in_program.pdf Graphic file (type pdf)
<use ../figures/country_comparison/program_preferred_by_cut_aid_in_program.pdf>
Package pdftex.def Info: ../figures/country_comparison/program_preferred_by_cut_aid_in_program.pdf  used on input line 190.
(pdftex.def)             Requested size: 215.7836pt x 187.3311pt.
<../figures/country_comparison/program_preferred_by_millionaire_tax_in_program.pdf, id=271, 273.02pt x 237.88875pt>
File: ../figures/country_comparison/program_preferred_by_millionaire_tax_in_program.pdf Graphic file (type pdf)
<use ../figures/country_comparison/program_preferred_by_millionaire_tax_in_program.pdf>
Package pdftex.def Info: ../figures/country_comparison/program_preferred_by_millionaire_tax_in_program.pdf  used on input line 190.
(pdftex.def)             Requested size: 213.53708pt x 186.06064pt.

Overfull \vbox (11.60635pt too high) detected at line 190
 []

[35

 <../figures/country_comparison/program_preferred_by_cut_aid_in_program.pdf> <../figures/country_comparison/program_preferred_by_millionaire_tax_in_program.pdf>]
File: ../figures/country_comparison/program_preferred_by_cut_aid_in_program.pdf Graphic file (type pdf)
<use ../figures/country_comparison/program_preferred_by_cut_aid_in_program.pdf>
Package pdftex.def Info: ../figures/country_comparison/program_preferred_by_cut_aid_in_program.pdf  used on input line 190.
(pdftex.def)             Requested size: 215.7836pt x 187.3311pt.
File: ../figures/country_comparison/program_preferred_by_millionaire_tax_in_program.pdf Graphic file (type pdf)
<use ../figures/country_comparison/program_preferred_by_millionaire_tax_in_program.pdf>
Package pdftex.def Info: ../figures/country_comparison/program_preferred_by_millionaire_tax_in_program.pdf  used on input line 190.
(pdftex.def)             Requested size: 213.53708pt x 186.06064pt.

Overfull \vbox (11.60635pt too high) detected at line 190
 []

[36

]
<../figures/country_comparison/split_few_bars.pdf, id=321, 517.935pt x 389.455pt>
File: ../figures/country_comparison/split_few_bars.pdf Graphic file (type pdf)
<use ../figures/country_comparison/split_few_bars.pdf>
Package pdftex.def Info: ../figures/country_comparison/split_few_bars.pdf  used on input line 198.
(pdftex.def)             Requested size: 286.6591pt x 215.55449pt.

Overfull \vbox (20.58762pt too high) detected at line 198
 []

[37

 <../figures/country_comparison/split_few_bars.pdf>]
<../figures/all/split_few.pdf, id=350, 528.97626pt x 251.94125pt>
File: ../figures/all/split_few.pdf Graphic file (type pdf)
<use ../figures/all/split_few.pdf>
Package pdftex.def Info: ../figures/all/split_few.pdf  used on input line 198.
(pdftex.def)             Requested size: 449.55319pt x 214.11263pt.

Overfull \vbox (5.54575pt too high) detected at line 198
 []

[38

 <../figures/all/split_few.pdf>]
<../figures/country_comparison/variables_wealth_tax_support_by_country.pdf, id=373, 534.99875pt x 249.93375pt>
File: ../figures/country_comparison/variables_wealth_tax_support_by_country.pdf Graphic file (type pdf)
<use ../figures/country_comparison/variables_wealth_tax_support_by_country.pdf>
Package pdftex.def Info: ../figures/country_comparison/variables_wealth_tax_support_by_country.pdf  used on input line 212.
(pdftex.def)             Requested size: 440.5602pt x 205.82414pt.

Overfull \vbox (26.82785pt too high) detected at line 212
 []

[39

 <../figures/country_comparison/variables_wealth_tax_support_by_country.pdf>]
Overfull \vbox (11.62746pt too high) detected at line 229
 []

[40

]
Overfull \vbox (11.62746pt too high) detected at line 229
 []

[41

]
Overfull \vbox (11.62746pt too high) detected at line 229
 []

[42

]
Overfull \vbox (11.62746pt too high) detected at line 229
 []

[43

]
Overfull \vbox (11.62746pt too high) detected at line 229
 []

[44

]
Overfull \vbox (11.62746pt too high) detected at line 229
 []

[45

]
Overfull \vbox (11.62746pt too high) detected at line 229
 []

[46

]
Overfull \vbox (11.62746pt too high) detected at line 229
 []

[47

]
Overfull \vbox (11.62746pt too high) detected at line 229
 []

[48

]
Overfull \vbox (11.62746pt too high) detected at line 229
 []

[49

]
<../figures/country_comparison/gcs_belief_mean.pdf, id=453, 925.4575pt x 211.79124pt>
File: ../figures/country_comparison/gcs_belief_mean.pdf Graphic file (type pdf)
<use ../figures/country_comparison/gcs_belief_mean.pdf>
Package pdftex.def Info: ../figures/country_comparison/gcs_belief_mean.pdf  used on input line 234.
(pdftex.def)             Requested size: 449.55319pt x 102.8802pt.
 [50

 <../figures/country_comparison/gcs_belief_mean.pdf>]
<../figures/questionnaire/survey_ics_mid.png, id=470, 289.08pt x 385.44pt>
File: ../figures/questionnaire/survey_ics_mid.png Graphic file (type png)
<use ../figures/questionnaire/survey_ics_mid.png>
Package pdftex.def Info: ../figures/questionnaire/survey_ics_mid.png  used on input line 253.
(pdftex.def)             Requested size: 170.84683pt x 227.79884pt.

Overfull \vbox (3.26138pt too high) detected at line 253
 []

[51

 <../figures/questionnaire/survey_ics_mid.png>]
<../figures/maps_participation/GCS_low.png, id=478, 6033.54124pt x 3241.10875pt>
File: ../figures/maps_participation/GCS_low.png Graphic file (type png)
<use ../figures/maps_participation/GCS_low.png>
Package pdftex.def Info: ../figures/maps_participation/GCS_low.png  used on input line 253.
(pdftex.def)             Requested size: 387.59074pt x 208.20638pt.
 [52

 <../figures/maps_participation/GCS_low.png>]
<../figures/maps_participation/GCS_mid.png, id=485, 6006.44pt x 3285.27374pt>
File: ../figures/maps_participation/GCS_mid.png Graphic file (type png)
<use ../figures/maps_participation/GCS_mid.png>
Package pdftex.def Info: ../figures/maps_participation/GCS_mid.png  used on input line 253.
(pdftex.def)             Requested size: 380.62567pt x 208.20638pt.
 [53

 <../figures/maps_participation/GCS_mid.png>]
<../figures/maps_participation/GCS_high.png, id=492, 1399.1472pt x 756.426pt>
File: ../figures/maps_participation/GCS_high.png Graphic file (type png)
<use ../figures/maps_participation/GCS_high.png>
Package pdftex.def Info: ../figures/maps_participation/GCS_high.png  used on input line 253.
(pdftex.def)             Requested size: 385.09758pt x 208.20638pt.
 [54

 <../figures/maps_participation/GCS_high.png>]
<../figures/maps_participation/GCS_high_color.pdf, id=499, 880.28876pt x 423.5825pt>
File: ../figures/maps_participation/GCS_high_color.pdf Graphic file (type pdf)
<use ../figures/maps_participation/GCS_high_color.pdf>
Package pdftex.def Info: ../figures/maps_participation/GCS_high_color.pdf  used on input line 253.
(pdftex.def)             Requested size: 432.68848pt x 208.20638pt.
 [55

 <../figures/maps_participation/GCS_high_color.pdf>]
<../figures/maps_participation/GCS_high_color_EN.pdf, id=511, 844.15375pt x 422.57875pt>
File: ../figures/maps_participation/GCS_high_color_EN.pdf Graphic file (type pdf)
<use ../figures/maps_participation/GCS_high_color_EN.pdf>
Package pdftex.def Info: ../figures/maps_participation/GCS_high_color_EN.pdf  used on input line 253.
(pdftex.def)             Requested size: 415.93173pt x 208.20638pt.
 [56

 <../figures/maps_participation/GCS_high_color_EN.pdf>]
<../figures/maps_participation/GCS_high_color_FR.pdf, id=520, 844.15375pt x 422.57875pt>
File: ../figures/maps_participation/GCS_high_color_FR.pdf Graphic file (type pdf)
<use ../figures/maps_participation/GCS_high_color_FR.pdf>
Package pdftex.def Info: ../figures/maps_participation/GCS_high_color_FR.pdf  used on input line 253.
(pdftex.def)             Requested size: 415.93173pt x 208.20638pt.
 [57

 <../figures/maps_participation/GCS_high_color_FR.pdf>]
<../figures/maps_participation/GCS_high_color_AR.pdf, id=529, 844.15375pt x 422.57875pt>
File: ../figures/maps_participation/GCS_high_color_AR.pdf Graphic file (type pdf)
<use ../figures/maps_participation/GCS_high_color_AR.pdf>
Package pdftex.def Info: ../figures/maps_participation/GCS_high_color_AR.pdf  used on input line 253.
(pdftex.def)             Requested size: 415.93173pt x 208.20638pt.
 [58

 <../figures/maps_participation/GCS_high_color_AR.pdf>]
<../figures/country_comparison/variables_ncs_gcs_ics_control_by_country.pdf, id=538, 658.46pt x 299.1175pt>
File: ../figures/country_comparison/variables_ncs_gcs_ics_control_by_country.pdf Graphic file (type pdf)
<use ../figures/country_comparison/variables_ncs_gcs_ics_control_by_country.pdf>
Package pdftex.def Info: ../figures/country_comparison/variables_ncs_gcs_ics_control_by_country.pdf  used on input line 264.
(pdftex.def)             Requested size: 404.59512pt x 183.79869pt.

Overfull \vbox (9.11499pt too high) detected at line 264
 []

[59

 <../figures/country_comparison/variables_ncs_gcs_ics_control_by_country.pdf>]
File: ../figures/country_comparison/variables_ncs_gcs_ics_control_by_country.pdf Graphic file (type pdf)
<use ../figures/country_comparison/variables_ncs_gcs_ics_control_by_country.pdf>
Package pdftex.def Info: ../figures/country_comparison/variables_ncs_gcs_ics_control_by_country.pdf  used on input line 264.
(pdftex.def)             Requested size: 404.59512pt x 183.79869pt.

Overfull \vbox (9.11499pt too high) detected at line 264
 []

[60

]
File: ../figures/country_comparison/variables_ncs_gcs_ics_control_by_country.pdf Graphic file (type pdf)
<use ../figures/country_comparison/variables_ncs_gcs_ics_control_by_country.pdf>
Package pdftex.def Info: ../figures/country_comparison/variables_ncs_gcs_ics_control_by_country.pdf  used on input line 264.
(pdftex.def)             Requested size: 404.59512pt x 183.79869pt.

Overfull \vbox (9.11499pt too high) detected at line 264
 []

[61

]
<../figures/country_comparison/solidarity_support_share.pdf, id=564, 985.6825pt x 498.86375pt>
File: ../figures/country_comparison/solidarity_support_share.pdf Graphic file (type pdf)
<use ../figures/country_comparison/solidarity_support_share.pdf>
Package pdftex.def Info: ../figures/country_comparison/solidarity_support_share.pdf  used on input line 272.
(pdftex.def)             Requested size: 430.7387pt x 218.00261pt.

Overfull \vbox (9.43573pt too high) detected at line 272
 []

[62

 <../figures/country_comparison/solidarity_support_share.pdf>]
Overfull \vbox (44.30368pt too high) detected at line 301
 []

[63

]
Overfull \vbox (44.30368pt too high) detected at line 301
 []

[64

]
<../figures/country_comparison/gcs_support_by_variant_warm_glow.pdf, id=590, 274.02374pt x 237.88875pt>
File: ../figures/country_comparison/gcs_support_by_variant_warm_glow.pdf Graphic file (type pdf)
<use ../figures/country_comparison/gcs_support_by_variant_warm_glow.pdf>
Package pdftex.def Info: ../figures/country_comparison/gcs_support_by_variant_warm_glow.pdf  used on input line 315.
(pdftex.def)             Requested size: 211.29054pt x 183.4326pt.
<../figures/country_comparison/share_solidarity_supported_by_info_solidarity.pdf, id=593, 274.02374pt x 237.88875pt>
File: ../figures/country_comparison/share_solidarity_supported_by_info_solidarity.pdf Graphic file (type pdf)
<use ../figures/country_comparison/share_solidarity_supported_by_info_solidarity.pdf>
Package pdftex.def Info: ../figures/country_comparison/share_solidarity_supported_by_info_solidarity.pdf  used on input line 315.
(pdftex.def)             Requested size: 211.29054pt x 183.4326pt.

Overfull \vbox (13.89514pt too high) detected at line 315
 []

[65

 <../figures/country_comparison/gcs_support_by_variant_warm_glow.pdf> <../figures/country_comparison/share_solidarity_supported_by_info_solidarity.pdf>]
File: ../figures/country_comparison/gcs_support_by_variant_warm_glow.pdf Graphic file (type pdf)
<use ../figures/country_comparison/gcs_support_by_variant_warm_glow.pdf>
Package pdftex.def Info: ../figures/country_comparison/gcs_support_by_variant_warm_glow.pdf  used on input line 315.
(pdftex.def)             Requested size: 211.29054pt x 183.4326pt.
File: ../figures/country_comparison/share_solidarity_supported_by_info_solidarity.pdf Graphic file (type pdf)
<use ../figures/country_comparison/share_solidarity_supported_by_info_solidarity.pdf>
Package pdftex.def Info: ../figures/country_comparison/share_solidarity_supported_by_info_solidarity.pdf  used on input line 315.
(pdftex.def)             Requested size: 211.29054pt x 183.4326pt.

Overfull \vbox (13.89514pt too high) detected at line 315
 []

[66

]
<../figures/country_comparison/ncqg.pdf, id=645, 626.34pt x 327.2225pt>
File: ../figures/country_comparison/ncqg.pdf Graphic file (type pdf)
<use ../figures/country_comparison/ncqg.pdf>
Package pdftex.def Info: ../figures/country_comparison/ncqg.pdf  used on input line 321.
(pdftex.def)             Requested size: 421.968pt x 220.45073pt.
 [67

 <../figures/country_comparison/ncqg.pdf>]
<../figures/country_comparison/ncqg_full.pdf, id=674, 626.34pt x 327.2225pt>
File: ../figures/country_comparison/ncqg_full.pdf Graphic file (type pdf)
<use ../figures/country_comparison/ncqg_full.pdf>
Package pdftex.def Info: ../figures/country_comparison/ncqg_full.pdf  used on input line 321.
(pdftex.def)             Requested size: 421.968pt x 220.45073pt.
 [68

 <../figures/country_comparison/ncqg_full.pdf>]
LaTeX Font Info:    Trying to load font information for TS1+ptm on input line 345.
 (c:/texlive/2022/texmf-dist/tex/latex/psnfss/ts1ptm.fd
File: ts1ptm.fd 2001/06/04 font definitions for TS1/ptm.
)
<../figures/country_comparison/sustainable_future_positive.pdf, id=702, 713.66624pt x 113.42375pt>
File: ../figures/country_comparison/sustainable_future_positive.pdf Graphic file (type pdf)
<use ../figures/country_comparison/sustainable_future_positive.pdf>
Package pdftex.def Info: ../figures/country_comparison/sustainable_future_positive.pdf  used on input line 345.
(pdftex.def)             Requested size: 449.55319pt x 71.44867pt.

Overfull \vbox (0.88185pt too high) detected at line 345
 []

[69

 <../figures/country_comparison/sustainable_future_positive.pdf>]
<../figures/country_comparison/why_hic_help_lic_positive.pdf, id=716, 916.42375pt x 231.86626pt>
File: ../figures/country_comparison/why_hic_help_lic_positive.pdf Graphic file (type pdf)
<use ../figures/country_comparison/why_hic_help_lic_positive.pdf>
Package pdftex.def Info: ../figures/country_comparison/why_hic_help_lic_positive.pdf  used on input line 350.
(pdftex.def)             Requested size: 449.55319pt x 113.74281pt.
 [70

 <../figures/country_comparison/why_hic_help_lic_positive.pdf>]
<../figures/country_comparison/transfer_how_positive.pdf, id=730, 945.5325pt x 360.34625pt>
File: ../figures/country_comparison/transfer_how_positive.pdf Graphic file (type pdf)
<use ../figures/country_comparison/transfer_how_positive.pdf>
Package pdftex.def Info: ../figures/country_comparison/transfer_how_positive.pdf  used on input line 359.
(pdftex.def)             Requested size: 449.55319pt x 171.33119pt.
 [71

 <../figures/country_comparison/transfer_how_positive.pdf>]
<../figures/country_comparison/global_movement_positive.pdf, id=744, 789.95125pt x 282.05376pt>
File: ../figures/country_comparison/global_movement_positive.pdf Graphic file (type pdf)
<use ../figures/country_comparison/global_movement_positive.pdf>
Package pdftex.def Info: ../figures/country_comparison/global_movement_positive.pdf  used on input line 377.
(pdftex.def)             Requested size: 449.55319pt x 160.51407pt.
 [72

 <../figures/country_comparison/global_movement_positive.pdf>]
<../figures/country_comparison/vote_intl_coalition.pdf, id=759, 584.1825pt x 372.39125pt>
File: ../figures/country_comparison/vote_intl_coalition.pdf Graphic file (type pdf)
<use ../figures/country_comparison/vote_intl_coalition.pdf>
Package pdftex.def Info: ../figures/country_comparison/vote_intl_coalition.pdf  used on input line 384.
(pdftex.def)             Requested size: 345.84131pt x 220.45073pt.
 [73

 <../figures/country_comparison/vote_intl_coalition.pdf>]
<../figures/country_comparison/group_defended.pdf, id=788, 632.3625pt x 346.29375pt>
File: ../figures/country_comparison/group_defended.pdf Graphic file (type pdf)
<use ../figures/country_comparison/group_defended.pdf>
Package pdftex.def Info: ../figures/country_comparison/group_defended.pdf  used on input line 391.
(pdftex.def)             Requested size: 402.56853pt x 220.45073pt.
 [74

 <../figures/country_comparison/group_defended.pdf>]
<../figures/country_comparison/radical_redistr_few_share.pdf, id=816, 1237.62375pt x 340.27126pt>
File: ../figures/country_comparison/radical_redistr_few_share.pdf Graphic file (type pdf)
<use ../figures/country_comparison/radical_redistr_few_share.pdf>
Package pdftex.def Info: ../figures/country_comparison/radical_redistr_few_share.pdf  used on input line 398.
(pdftex.def)             Requested size: 449.55319pt x 123.59828pt.
 [75

 <../figures/country_comparison/radical_redistr_few_share.pdf>]
<../figures/questionnaire/survey_custom_redistr_bottom.png, id=830, 293.29575pt x 479.99326pt>
File: ../figures/questionnaire/survey_custom_redistr_bottom.png Graphic file (type png)
<use ../figures/questionnaire/survey_custom_redistr_bottom.png>
Package pdftex.def Info: ../figures/questionnaire/survey_custom_redistr_bottom.png  used on input line 426.
(pdftex.def)             Requested size: 139.19608pt x 227.79884pt.

Overfull \vbox (11.26138pt too high) detected at line 426
 []

[76

 <../figures/questionnaire/survey_custom_redistr_bottom.png>] [77

] [78

]
<../figures/questionnaire/survey_custom_redistr_median_zoom.png, id=853, 599.23875pt x 498.663pt>
File: ../figures/questionnaire/survey_custom_redistr_median_zoom.png Graphic file (type png)
<use ../figures/questionnaire/survey_custom_redistr_median_zoom.png>
Package pdftex.def Info: ../figures/questionnaire/survey_custom_redistr_median_zoom.png  used on input line 426.
(pdftex.def)             Requested size: 244.30879pt x 203.3064pt.

Overfull \vbox (96.53954pt too high) detected at line 426
 []

[79

 <../figures/questionnaire/survey_custom_redistr_median_zoom.png>] [80

]
<../figures/mean_custom_redistr/all_satisfied_touched.png, id=870, 660.66824pt x 531.1845pt>
File: ../figures/mean_custom_redistr/all_satisfied_touched.png Graphic file (type png)
<use ../figures/mean_custom_redistr/all_satisfied_touched.png>
Package pdftex.def Info: ../figures/mean_custom_redistr/all_satisfied_touched.png  used on input line 426.
(pdftex.def)             Requested size: 243.72768pt x 195.95828pt.

Overfull \vbox (89.19142pt too high) detected at line 426
 []

[81

 <../figures/mean_custom_redistr/all_satisfied_touched.png>]
<../figures/all/tax_radical_redistr.pdf, id=879, 382.42876pt x 348.30125pt>
File: ../figures/all/tax_radical_redistr.pdf Graphic file (type pdf)
<use ../figures/all/tax_radical_redistr.pdf>
Package pdftex.def Info: ../figures/all/tax_radical_redistr.pdf  used on input line 426.
(pdftex.def)             Requested size: 223.22682pt x 203.3064pt.

Overfull \vbox (96.53954pt too high) detected at line 426
 []

[82

 <../figures/all/tax_radical_redistr.pdf>] [83

] [84

] [85

] [86

] [87

] [88

] [89

] [90

] (../tables/FR_DE_IT_PL_ES.tex)
Overfull \vbox (16.59003pt too high) detected at line 453
 []

[91

]
<../figures/country_comparison/vote_non_EU_pnr_out.pdf, id=944, 676.5275pt x 301.125pt>
File: ../figures/country_comparison/vote_non_EU_pnr_out.pdf Graphic file (type pdf)
<use ../figures/country_comparison/vote_non_EU_pnr_out.pdf>
Package pdftex.def Info: ../figures/country_comparison/vote_non_EU_pnr_out.pdf  used on input line 457.
(pdftex.def)             Requested size: 533.83148pt x 237.59882pt.

Overfull \hbox (84.27829pt too wide) in paragraph at lines 457--457
[][]  
 []


Overfull \vbox (13.06136pt too high) detected at line 457
 []

[92

 <../figures/country_comparison/vote_non_EU_pnr_out.pdf>]
<../figures/country_comparison/vote_EU_pnr_out.pdf, id=968, 602.25pt x 300.12125pt>
File: ../figures/country_comparison/vote_EU_pnr_out.pdf Graphic file (type pdf)
<use ../figures/country_comparison/vote_EU_pnr_out.pdf>
Package pdftex.def Info: ../figures/country_comparison/vote_EU_pnr_out.pdf  used on input line 461.
(pdftex.def)             Requested size: 476.80151pt x 237.59882pt.

Overfull \hbox (27.24832pt too wide) in paragraph at lines 461--461
[][]  
 []


Overfull \vbox (13.06136pt too high) detected at line 461
 []

[93

 <../figures/country_comparison/vote_EU_pnr_out.pdf>]
<../figures/all/conjoint_EN-FR.pdf, id=992, 1003.75pt x 702.625pt>
File: ../figures/all/conjoint_EN-FR.pdf Graphic file (type pdf)
<use ../figures/all/conjoint_EN-FR.pdf>
Package pdftex.def Info: ../figures/all/conjoint_EN-FR.pdf  used on input line 483.
(pdftex.def)             Requested size: 339.43257pt x 237.59882pt.

Overfull \vbox (17.07799pt too high) detected at line 483
 []

[94

 <../figures/all/conjoint_EN-FR.pdf>]
<../figures/all/conjoint_EN-DE.pdf, id=1004, 1003.75pt x 702.625pt>
File: ../figures/all/conjoint_EN-DE.pdf Graphic file (type pdf)
<use ../figures/all/conjoint_EN-DE.pdf>
Package pdftex.def Info: ../figures/all/conjoint_EN-DE.pdf  used on input line 489.
(pdftex.def)             Requested size: 339.43257pt x 237.59882pt.

Overfull \vbox (17.07799pt too high) detected at line 489
 []

[95

 <../figures/all/conjoint_EN-DE.pdf>]
pdfTeX warning (ext4): destination with the same identifier (name{conjoint_countries}) has been already used, duplicate ignored
<to be read again> 
                   \relax 
l.495 \end{frame}
                 
<../figures/all/conjoint_EN-IT.pdf, id=1016, 1003.75pt x 702.625pt>
File: ../figures/all/conjoint_EN-IT.pdf Graphic file (type pdf)
<use ../figures/all/conjoint_EN-IT.pdf>
Package pdftex.def Info: ../figures/all/conjoint_EN-IT.pdf  used on input line 495.
(pdftex.def)             Requested size: 339.43257pt x 237.59882pt.

Overfull \vbox (17.07799pt too high) detected at line 495
 []

[96

 <../figures/all/conjoint_EN-IT.pdf>]
pdfTeX warning (ext4): destination with the same identifier (name{conjoint_countries}) has been already used, duplicate ignored
<to be read again> 
                   \relax 
l.501 \end{frame}
                 
<../figures/all/conjoint_EN-PL.pdf, id=1028, 1003.75pt x 702.625pt>
File: ../figures/all/conjoint_EN-PL.pdf Graphic file (type pdf)
<use ../figures/all/conjoint_EN-PL.pdf>
Package pdftex.def Info: ../figures/all/conjoint_EN-PL.pdf  used on input line 501.
(pdftex.def)             Requested size: 339.43257pt x 237.59882pt.

Overfull \vbox (17.07799pt too high) detected at line 501
 []

[97

 <../figures/all/conjoint_EN-PL.pdf>]
pdfTeX warning (ext4): destination with the same identifier (name{conjoint_countries}) has been already used, duplicate ignored
<to be read again> 
                   \relax 
l.507 \end{frame}
                 
<../figures/all/conjoint_EN-ES.pdf, id=1042, 1003.75pt x 702.625pt>
File: ../figures/all/conjoint_EN-ES.pdf Graphic file (type pdf)
<use ../figures/all/conjoint_EN-ES.pdf>
Package pdftex.def Info: ../figures/all/conjoint_EN-ES.pdf  used on input line 507.
(pdftex.def)             Requested size: 339.43257pt x 237.59882pt.

Overfull \vbox (17.07799pt too high) detected at line 507
 []

[98

 <../figures/all/conjoint_EN-ES.pdf>]
pdfTeX warning (ext4): destination with the same identifier (name{conjoint_countries}) has been already used, duplicate ignored
<to be read again> 
                   \relax 
l.513 \end{frame}
                 
<../figures/all/conjoint_EN-GB.pdf, id=1054, 1003.75pt x 702.625pt>
File: ../figures/all/conjoint_EN-GB.pdf Graphic file (type pdf)
<use ../figures/all/conjoint_EN-GB.pdf>
Package pdftex.def Info: ../figures/all/conjoint_EN-GB.pdf  used on input line 513.
(pdftex.def)             Requested size: 339.43257pt x 237.59882pt.

Overfull \vbox (17.07799pt too high) detected at line 513
 []

[99

 <../figures/all/conjoint_EN-GB.pdf>]
pdfTeX warning (ext4): destination with the same identifier (name{conjoint_countries}) has been already used, duplicate ignored
<to be read again> 
                   \relax 
l.519 \end{frame}
                 
<../figures/all/conjoint_EN-CH.pdf, id=1066, 1003.75pt x 702.625pt>
File: ../figures/all/conjoint_EN-CH.pdf Graphic file (type pdf)
<use ../figures/all/conjoint_EN-CH.pdf>
Package pdftex.def Info: ../figures/all/conjoint_EN-CH.pdf  used on input line 519.
(pdftex.def)             Requested size: 339.43257pt x 237.59882pt.

Overfull \vbox (17.07799pt too high) detected at line 519
 []

[100

 <../figures/all/conjoint_EN-CH.pdf>]
pdfTeX warning (ext4): destination with the same identifier (name{conjoint_countries}) has been already used, duplicate ignored
<to be read again> 
                   \relax 
l.525 \end{frame}
                 
<../figures/all/conjoint_EN-JA.pdf, id=1078, 1003.75pt x 702.625pt>
File: ../figures/all/conjoint_EN-JA.pdf Graphic file (type pdf)
<use ../figures/all/conjoint_EN-JA.pdf>
Package pdftex.def Info: ../figures/all/conjoint_EN-JA.pdf  used on input line 525.
(pdftex.def)             Requested size: 339.43257pt x 237.59882pt.

Overfull \vbox (17.07799pt too high) detected at line 525
 []

[101

 <../figures/all/conjoint_EN-JA.pdf>]
pdfTeX warning (ext4): destination with the same identifier (name{conjoint_countries}) has been already used, duplicate ignored
<to be read again> 
                   \relax 
l.531 \end{frame}
                 
File: ../figures/all/conjoint_EN.pdf Graphic file (type pdf)
<use ../figures/all/conjoint_EN.pdf>
Package pdftex.def Info: ../figures/all/conjoint_EN.pdf  used on input line 531.
(pdftex.def)             Requested size: 339.43257pt x 237.59882pt.

Overfull \vbox (17.07799pt too high) detected at line 531
 []

[102

]
pdfTeX warning (ext4): destination with the same identifier (name{conjoint_countries}) has been already used, duplicate ignored
<to be read again> 
                   \relax 
l.537 \end{frame}
                 
<../figures/all/conjoint_FR.pdf, id=1096, 1003.75pt x 702.625pt>
File: ../figures/all/conjoint_FR.pdf Graphic file (type pdf)
<use ../figures/all/conjoint_FR.pdf>
Package pdftex.def Info: ../figures/all/conjoint_FR.pdf  used on input line 537.
(pdftex.def)             Requested size: 339.43257pt x 237.59882pt.

Overfull \vbox (17.07799pt too high) detected at line 537
 []

[103

 <../figures/all/conjoint_FR.pdf>]
pdfTeX warning (ext4): destination with the same identifier (name{conjoint_countries}) has been already used, duplicate ignored
<to be read again> 
                   \relax 
l.565 \end{frame}
                 
Overfull \vbox (8.43227pt too high) detected at line 565
 []

[104

]
<../figures/country_comparison/solidarity_support_positive.pdf, id=1115, 985.6825pt x 498.86375pt>
File: ../figures/country_comparison/solidarity_support_positive.pdf Graphic file (type pdf)
<use ../figures/country_comparison/solidarity_support_positive.pdf>
Package pdftex.def Info: ../figures/country_comparison/solidarity_support_positive.pdf  used on input line 592.
(pdftex.def)             Requested size: 427.07416pt x 216.15143pt.

Overfull \vbox (7.58455pt too high) detected at line 592
 []

[105

 <../figures/country_comparison/solidarity_support_positive.pdf>] (../tables/iv_highlighted.tex)
Overfull \vbox (11.54543pt too high) detected at line 597
 []

[106

] (../tables/determinants_omit_many.tex)
Overfull \vbox (15.94183pt too high) detected at line 609
 []

[107

] [108

]
\tf@nav=\write6
\openout6 = `robust_global_redistr.nav'.

\tf@toc=\write7
\openout7 = `robust_global_redistr.toc'.

\tf@snm=\write8
\openout8 = `robust_global_redistr.snm'.

 (build/robust_global_redistr.aux)

LaTeX Warning: There were multiply-defined labels.

Package rerunfilecheck Info: File `robust_global_redistr.out' has not changed.
(rerunfilecheck)             Checksum: AFCB8A377BDB8EBB5FC0EE96026EC962;172.
 ) 
Here is how much of TeX's memory you used:
 34429 strings out of 475075
 695522 string characters out of 5783001
 1027681 words of memory out of 5000000
 54768 multiletter control sequences out of 15000+600000
 562269 words of font info for 161 fonts, out of 8000000 for 9000
 1141 hyphenation exceptions out of 8191
 99i,17n,104p,634b,1057s stack positions out of 10000i,1000n,20000p,200000b,200000s
{c:/texlive/2022/texmf-dist/fonts/enc/dvips/base/8r.enc}<c:/texlive/2022/texmf-dist/fonts/type1/public/amsfonts/cm/cmmi10.pfb><c:/texlive/2022/texmf-dist/fonts/type1/public/amsfonts/cm/cmsy10.pfb><c:/texlive/2022/texmf-dist/fonts/type1/public/amsfonts/symbols/msam10.pfb><c:/texlive/2022/texmf-dist/fonts/type1/public/amsfonts/symbols/msbm10.pfb><c:/texlive/2022/texmf-dist/fonts/type1/urw/palatino/uplr8a.pfb><c:/texlive/2022/texmf-dist/fonts/type1/urw/times/utmb8a.pfb><c:/texlive/2022/texmf-dist/fonts/type1/urw/times/utmr8a.pfb><c:/texlive/2022/texmf-dist/fonts/type1/urw/times/utmri8a.pfb><c:/texlive/2022/texmf-dist/fonts/type1/public/wasy-type1/wasy10.pfb>
Output written on build/robust_global_redistr.pdf (108 pages, 8025387 bytes).
PDF statistics:
 1243 PDF objects out of 1440 (max. 8388607)
 900 compressed objects within 9 object streams
 233 named destinations out of 1000 (max. 500000)
 353 words of extra memory for PDF output out of 10000 (max. 10000000)

