\BOOKMARK [1][-]{section*.1}{\376\377\000C\000o\000n\000t\000e\000n\000t\000s}{}% 1
\BOOKMARK [1][-]{section.1}{\376\377\000I\000n\000t\000r\000o\000d\000u\000c\000t\000i\000o\000n}{}% 2
\BOOKMARK [1][-]{section.2}{\376\377\000D\000a\000t\000a\000\040\000a\000n\000d\000\040\000d\000e\000s\000i\000g\000n}{}% 3
\BOOKMARK [1][-]{section.3}{\376\377\000S\000a\000l\000i\000e\000n\000c\000e\000\040\000a\000n\000d\000\040\000p\000r\000i\000o\000r\000i\000t\000i\000z\000a\000t\000i\000o\000n\000\040\000o\000f\000\040\000g\000l\000o\000b\000a\000l\000\040\000s\000o\000l\000i\000d\000a\000r\000i\000t\000y}{}% 4
\BOOKMARK [2][-]{subsection.3.1}{\376\377\000T\000o\000p\000-\000o\000f\000-\000m\000i\000n\000d\000\040\000c\000o\000n\000s\000i\000d\000e\000r\000a\000t\000i\000o\000n\000s}{section.3}% 5
\BOOKMARK [2][-]{subsection.3.2}{\376\377\000P\000r\000i\000o\000r\000i\000t\000i\000z\000a\000t\000i\000o\000n\000\040\000o\000f\000\040\000p\000u\000b\000l\000i\000c\000\040\000s\000p\000e\000n\000d\000i\000n\000g\000\040\000i\000t\000e\000m\000s}{section.3}% 6
\BOOKMARK [1][-]{section.4}{\376\377\000A\000c\000c\000e\000p\000t\000a\000n\000c\000e\000\040\000o\000f\000\040\000i\000n\000t\000e\000r\000n\000a\000t\000i\000o\000n\000a\000l\000\040\000p\000o\000l\000i\000c\000i\000e\000s\000\040\000i\000n\000\040\000f\000u\000n\000c\000t\000i\000o\000n\000\040\000o\000f\000\040\000c\000o\000u\000n\000t\000r\000y\000\040\000c\000o\000v\000e\000r\000a\000g\000e}{}% 7
\BOOKMARK [2][-]{subsection.4.1}{\376\377\000I\000n\000t\000e\000r\000n\000a\000t\000i\000o\000n\000a\000l\000\040\000C\000l\000i\000m\000a\000t\000e\000\040\000S\000c\000h\000e\000m\000e}{section.4}% 8
\BOOKMARK [2][-]{subsection.4.2}{\376\377\000W\000e\000a\000l\000t\000h\000\040\000t\000a\000x\000\040\000f\000u\000n\000d\000i\000n\000g\000\040\000L\000I\000C\000s}{section.4}% 9
\BOOKMARK [1][-]{section.5}{\376\377\000S\000i\000n\000c\000e\000r\000i\000t\000y\000\040\000o\000f\000\040\000s\000u\000p\000p\000o\000r\000t\000\040\000f\000o\000r\000\040\000g\000l\000o\000b\000a\000l\000\040\000r\000e\000d\000i\000s\000t\000r\000i\000b\000u\000t\000i\000o\000n}{}% 10
\BOOKMARK [2][-]{subsection.5.1}{\376\377\000C\000o\000n\000j\000o\000i\000n\000t\000\040\000a\000n\000a\000l\000y\000s\000i\000s}{section.5}% 11
\BOOKMARK [2][-]{subsection.5.2}{\376\377\000T\000e\000s\000t\000i\000n\000g\000\040\000w\000a\000r\000m\000\040\000g\000l\000o\000w}{section.5}% 12
\BOOKMARK [1][-]{section.6}{\376\377\000B\000r\000e\000a\000d\000t\000h\000\040\000o\000f\000\040\000i\000n\000t\000e\000r\000n\000a\000t\000i\000o\000n\000a\000l\000\040\000p\000o\000l\000i\000c\000i\000e\000s\000\040\000a\000c\000c\000e\000p\000t\000e\000d}{}% 13
\BOOKMARK [2][-]{subsection.6.1}{\376\377\000S\000u\000p\000p\000o\000r\000t\000\040\000f\000o\000r\000\040\000c\000u\000r\000r\000e\000n\000t\000l\000y\000\040\000d\000e\000b\000a\000t\000e\000d\000\040\000g\000l\000o\000b\000a\000l\000\040\000p\000o\000l\000i\000c\000i\000e\000s}{section.6}% 14
\BOOKMARK [2][-]{subsection.6.2}{\376\377\000S\000u\000p\000p\000o\000r\000t\000\040\000f\000o\000r\000\040\000r\000a\000d\000i\000c\000a\000l\000\040\000p\000r\000o\000p\000o\000s\000a\000l\000s\000,\000\040\000p\000o\000l\000i\000t\000i\000c\000a\000l\000\040\000a\000c\000t\000i\000o\000n\000,\000\040\000a\000n\000d\000\040\000b\000r\000o\000a\000d\000\040\000v\000a\000l\000u\000e\000s}{section.6}% 15
\BOOKMARK [2][-]{subsection.6.3}{\376\377\000P\000r\000e\000f\000e\000r\000r\000e\000d\000\040\000c\000h\000a\000n\000n\000e\000l\000s\000\040\000t\000o\000\040\000t\000r\000a\000n\000s\000f\000e\000r\000\040\000r\000e\000s\000o\000u\000r\000c\000e\000s\000\040\000t\000o\000\040\000L\000I\000C\000s}{section.6}% 16
\BOOKMARK [2][-]{subsection.6.4}{\376\377\000C\000u\000s\000t\000o\000m\000\040\000g\000l\000o\000b\000a\000l\000\040\000i\000n\000c\000o\000m\000e\000\040\000r\000e\000d\000i\000s\000t\000r\000i\000b\000u\000t\000i\000o\000n}{section.6}% 17
\BOOKMARK [1][-]{section.7}{\376\377\000C\000o\000n\000c\000l\000u\000s\000i\000o\000n}{}% 18
\BOOKMARK [1][-]{section*.39}{\376\377\000M\000e\000t\000h\000o\000d\000s}{}% 19
\BOOKMARK [1][-]{section*.41}{\376\377\000B\000i\000b\000l\000i\000o\000g\000r\000a\000p\000h\000y}{}% 20
\BOOKMARK [1][-]{appendix.A}{\376\377\000R\000a\000w\000\040\000r\000e\000s\000u\000l\000t\000s}{}% 21
\BOOKMARK [1][-]{appendix.B}{\376\377\000Q\000u\000e\000s\000t\000i\000o\000n\000n\000a\000i\000r\000e}{}% 22
\BOOKMARK [1][-]{appendix.C}{\376\377\000R\000e\000p\000r\000e\000s\000e\000n\000t\000a\000t\000i\000v\000e\000n\000e\000s\000s\000\040\000o\000f\000\040\000t\000h\000e\000\040\000s\000u\000r\000v\000e\000y\000s}{}% 23
\BOOKMARK [1][-]{appendix.D}{\376\377\000D\000e\000t\000e\000r\000m\000i\000n\000a\000n\000t\000s\000\040\000o\000f\000\040\000s\000u\000p\000p\000o\000r\000t}{}% 24
\BOOKMARK [1][-]{appendix.E}{\376\377\000T\000h\000e\000\040\000d\000e\000t\000e\000r\000m\000i\000n\000a\000t\000i\000o\000n\000\040\000o\000f\000\040\000a\000\040\000c\000u\000s\000t\000o\000m\000\040\000r\000e\000d\000i\000s\000t\000r\000i\000b\000u\000t\000i\000o\000n}{}% 25
\BOOKMARK [1][-]{appendix.F}{\376\377\000C\000o\000m\000p\000a\000r\000i\000s\000o\000n\000\040\000w\000i\000t\000h\000\040\000o\000t\000h\000e\000r\000\040\000s\000u\000r\000v\000e\000y\000s}{}% 26
\BOOKMARK [1][-]{appendix.G}{\376\377\000A\000t\000t\000r\000i\000t\000i\000o\000n\000\040\000a\000n\000a\000l\000y\000s\000i\000s}{}% 27
\BOOKMARK [1][-]{appendix.H}{\376\377\000B\000a\000l\000a\000n\000c\000e\000\040\000a\000n\000a\000l\000y\000s\000i\000s}{}% 28
\BOOKMARK [1][-]{appendix.I}{\376\377\000P\000l\000a\000c\000e\000b\000o\000\040\000t\000e\000s\000t\000s}{}% 29
\BOOKMARK [1][-]{appendix.J}{\376\377\000M\000a\000i\000n\000\040\000r\000e\000s\000u\000l\000t\000s\000\040\000o\000n\000\040\000s\000e\000l\000e\000c\000t\000e\000d\000\040\000d\000e\000m\000o\000g\000r\000a\000p\000h\000i\000c\000s\000,\000\040\000i\000n\000c\000l\000u\000d\000i\000n\000g\000\040\000b\000y\000\040\000v\000o\000t\000e}{}% 30
\BOOKMARK [1][-]{appendix.K}{\376\377\000M\000a\000i\000n\000\040\000r\000e\000s\000u\000l\000t\000s\000\040\000w\000e\000i\000g\000h\000t\000e\000d\000\040\000b\000y\000\040\000v\000o\000t\000e}{}% 31
\BOOKMARK [1][-]{appendix.L}{\376\377\000M\000a\000i\000n\000\040\000r\000e\000s\000u\000l\000t\000s\000\040\000o\000n\000\040\000t\000h\000e\000\040\000e\000x\000t\000e\000n\000d\000e\000d\000\040\000s\000a\000m\000p\000l\000e}{}% 32
\BOOKMARK [1][-]{appendix.M}{\376\377\000I\000n\000f\000l\000u\000e\000n\000c\000e\000\040\000o\000f\000\040\000t\000h\000e\000\040\000i\000t\000e\000m\000\040\000o\000r\000d\000e\000r\000\040\000o\000n\000\040\000a\000n\000s\000w\000e\000r\000s}{}% 33
\BOOKMARK [1][-]{section*.149}{\376\377\000B\000i\000b\000l\000i\000o\000g\000r\000a\000p\000h\000y}{}% 34
\BOOKMARK [1][-]{section*.150}{\376\377\000L\000i\000s\000t\000\040\000o\000f\000\040\000T\000a\000b\000l\000e\000s}{}% 35
\BOOKMARK [1][-]{section*.151}{\376\377\000L\000i\000s\000t\000\040\000o\000f\000\040\000F\000i\000g\000u\000r\000e\000s}{}% 36
